{"/home/mulyawan/Project/Admin/NodeAdmin/src/ResponseHandler.ts": {"path":"/home/mulyawan/Project/Admin/NodeAdmin/src/ResponseHandler.ts","statementMap":{"0":{"start":{"line":1,"column":0},"end":{"line":1,"column":47}},"1":{"start":{"line":5,"column":19},"end":{"line":5,"column":53}},"2":{"start":{"line":6,"column":24},"end":{"line":6,"column":50}},"3":{"start":{"line":7,"column":8},"end":{"line":11,"column":11}},"4":{"start":{"line":15,"column":8},"end":{"line":19,"column":11}},"5":{"start":{"line":23,"column":8},"end":{"line":27,"column":11}},"6":{"start":{"line":31,"column":8},"end":{"line":35,"column":11}},"7":{"start":{"line":39,"column":0},"end":{"line":39,"column":31}}},"fnMap":{"0":{"name":"(anonymous_0)","decl":{"start":{"line":4,"column":4},"end":{"line":4,"column":10}},"loc":{"start":{"line":4,"column":88},"end":{"line":12,"column":5}}},"1":{"name":"(anonymous_1)","decl":{"start":{"line":14,"column":4},"end":{"line":14,"column":10}},"loc":{"start":{"line":14,"column":86},"end":{"line":20,"column":5}}},"2":{"name":"(anonymous_2)","decl":{"start":{"line":22,"column":4},"end":{"line":22,"column":10}},"loc":{"start":{"line":22,"column":68},"end":{"line":28,"column":5}}},"3":{"name":"(anonymous_3)","decl":{"start":{"line":30,"column":4},"end":{"line":30,"column":10}},"loc":{"start":{"line":30,"column":74},"end":{"line":36,"column":5}}}},"branchMap":{"0":{"loc":{"start":{"line":4,"column":46},"end":{"line":4,"column":62}},"type":"default-arg","locations":[{"start":{"line":4,"column":58},"end":{"line":4,"column":62}}]},"1":{"loc":{"start":{"line":4,"column":64},"end":{"line":4,"column":88}},"type":"default-arg","locations":[{"start":{"line":4,"column":85},"end":{"line":4,"column":88}}]},"2":{"loc":{"start":{"line":5,"column":19},"end":{"line":5,"column":53}},"type":"binary-expr","locations":[{"start":{"line":5,"column":19},"end":{"line":5,"column":44}},{"start":{"line":5,"column":48},"end":{"line":5,"column":53}}]},"3":{"loc":{"start":{"line":14,"column":44},"end":{"line":14,"column":60}},"type":"default-arg","locations":[{"start":{"line":14,"column":56},"end":{"line":14,"column":60}}]},"4":{"loc":{"start":{"line":14,"column":62},"end":{"line":14,"column":86}},"type":"default-arg","locations":[{"start":{"line":14,"column":83},"end":{"line":14,"column":86}}]},"5":{"loc":{"start":{"line":22,"column":30},"end":{"line":22,"column":68}},"type":"default-arg","locations":[{"start":{"line":22,"column":48},"end":{"line":22,"column":68}}]},"6":{"loc":{"start":{"line":30,"column":50},"end":{"line":30,"column":74}},"type":"default-arg","locations":[{"start":{"line":30,"column":71},"end":{"line":30,"column":74}}]}},"s":{"0":5,"1":1,"2":1,"3":1,"4":11,"5":0,"6":0,"7":5},"f":{"0":1,"1":11,"2":0,"3":0},"b":{"0":[0],"1":[1],"2":[1,0],"3":[0],"4":[0],"5":[0],"6":[0]}}
,"/home/mulyawan/Project/Admin/NodeAdmin/src/globalFunctions.ts": {"path":"/home/mulyawan/Project/Admin/NodeAdmin/src/globalFunctions.ts","statementMap":{"0":{"start":{"line":2,"column":0},"end":{"line":2,"column":48}},"1":{"start":{"line":4,"column":0},"end":{"line":4,"column":65}},"2":{"start":{"line":5,"column":0},"end":{"line":5,"column":52}},"3":{"start":{"line":6,"column":0},"end":{"line":6,"column":25}},"4":{"start":{"line":7,"column":0},"end":{"line":7,"column":34}},"5":{"start":{"line":8,"column":0},"end":{"line":8,"column":38}},"6":{"start":{"line":9,"column":0},"end":{"line":9,"column":null}},"7":{"start":{"line":10,"column":0},"end":{"line":10,"column":null}},"8":{"start":{"line":12,"column":31},"end":{"line":93,"column":1}},"9":{"start":{"line":13,"column":1},"end":{"line":18,"column":null}},"10":{"start":{"line":14,"column":2},"end":{"line":16,"column":3}},"11":{"start":{"line":15,"column":3},"end":{"line":15,"column":null}},"12":{"start":{"line":17,"column":2},"end":{"line":17,"column":null}},"13":{"start":{"line":17,"column":61},"end":{"line":17,"column":79}},"14":{"start":{"line":20,"column":1},"end":{"line":30,"column":null}},"15":{"start":{"line":21,"column":2},"end":{"line":29,"column":3}},"16":{"start":{"line":22,"column":3},"end":{"line":22,"column":null}},"17":{"start":{"line":24,"column":3},"end":{"line":28,"column":4}},"18":{"start":{"line":25,"column":4},"end":{"line":25,"column":null}},"19":{"start":{"line":27,"column":4},"end":{"line":27,"column":null}},"20":{"start":{"line":32,"column":1},"end":{"line":36,"column":null}},"21":{"start":{"line":33,"column":2},"end":{"line":35,"column":3}},"22":{"start":{"line":34,"column":3},"end":{"line":34,"column":null}},"23":{"start":{"line":38,"column":1},"end":{"line":38,"column":null}},"24":{"start":{"line":39,"column":1},"end":{"line":39,"column":null}},"25":{"start":{"line":41,"column":1},"end":{"line":41,"column":null}},"26":{"start":{"line":44,"column":17},"end":{"line":44,"column":53}},"27":{"start":{"line":45,"column":1},"end":{"line":45,"column":null}},"28":{"start":{"line":46,"column":1},"end":{"line":49,"column":null}},"29":{"start":{"line":47,"column":2},"end":{"line":47,"column":null}},"30":{"start":{"line":47,"column":13},"end":{"line":47,"column":null}},"31":{"start":{"line":48,"column":2},"end":{"line":48,"column":null}},"32":{"start":{"line":50,"column":1},"end":{"line":50,"column":null}},"33":{"start":{"line":50,"column":54},"end":{"line":50,"column":91}},"34":{"start":{"line":52,"column":17},"end":{"line":52,"column":35}},"35":{"start":{"line":53,"column":1},"end":{"line":53,"column":null}},"36":{"start":{"line":56,"column":1},"end":{"line":56,"column":null}},"37":{"start":{"line":57,"column":1},"end":{"line":57,"column":null}},"38":{"start":{"line":58,"column":1},"end":{"line":58,"column":28}},"39":{"start":{"line":60,"column":1},"end":{"line":64,"column":null}},"40":{"start":{"line":61,"column":20},"end":{"line":61,"column":36}},"41":{"start":{"line":62,"column":2},"end":{"line":62,"column":null}},"42":{"start":{"line":63,"column":2},"end":{"line":63,"column":null}},"43":{"start":{"line":66,"column":1},"end":{"line":68,"column":null}},"44":{"start":{"line":67,"column":2},"end":{"line":67,"column":null}},"45":{"start":{"line":70,"column":1},"end":{"line":82,"column":null}},"46":{"start":{"line":71,"column":15},"end":{"line":71,"column":31}},"47":{"start":{"line":72,"column":16},"end":{"line":73,"column":null}},"48":{"start":{"line":73,"column":3},"end":{"line":73,"column":32}},"49":{"start":{"line":75,"column":2},"end":{"line":75,"column":null}},"50":{"start":{"line":75,"column":13},"end":{"line":75,"column":null}},"51":{"start":{"line":76,"column":16},"end":{"line":79,"column":null}},"52":{"start":{"line":77,"column":12},"end":{"line":78,"column":null}},"53":{"start":{"line":78,"column":16},"end":{"line":78,"column":72}},"54":{"start":{"line":81,"column":2},"end":{"line":81,"column":null}},"55":{"start":{"line":84,"column":1},"end":{"line":90,"column":null}},"56":{"start":{"line":85,"column":15},"end":{"line":85,"column":31}},"57":{"start":{"line":86,"column":18},"end":{"line":87,"column":null}},"58":{"start":{"line":87,"column":12},"end":{"line":87,"column":34}},"59":{"start":{"line":89,"column":2},"end":{"line":89,"column":null}},"60":{"start":{"line":92,"column":1},"end":{"line":92,"column":null}},"61":{"start":{"line":12,"column":13},"end":{"line":12,"column":31}}},"fnMap":{"0":{"name":"(anonymous_1)","decl":{"start":{"line":12,"column":31},"end":{"line":12,"column":36}},"loc":{"start":{"line":12,"column":89},"end":{"line":93,"column":1}}},"1":{"name":"(anonymous_2)","decl":{"start":{"line":13,"column":23},"end":{"line":13,"column":24}},"loc":{"start":{"line":13,"column":39},"end":{"line":18,"column":2}}},"2":{"name":"(anonymous_3)","decl":{"start":{"line":17,"column":32},"end":{"line":17,"column":33}},"loc":{"start":{"line":17,"column":61},"end":{"line":17,"column":79}}},"3":{"name":"(anonymous_4)","decl":{"start":{"line":20,"column":30},"end":{"line":20,"column":31}},"loc":{"start":{"line":20,"column":46},"end":{"line":30,"column":2}}},"4":{"name":"(anonymous_5)","decl":{"start":{"line":32,"column":21},"end":{"line":32,"column":22}},"loc":{"start":{"line":32,"column":37},"end":{"line":36,"column":2}}},"5":{"name":"(anonymous_6)","decl":{"start":{"line":46,"column":25},"end":{"line":46,"column":26}},"loc":{"start":{"line":46,"column":90},"end":{"line":49,"column":2}}},"6":{"name":"(anonymous_7)","decl":{"start":{"line":50,"column":18},"end":{"line":50,"column":19}},"loc":{"start":{"line":50,"column":54},"end":{"line":50,"column":91}}},"7":{"name":"(anonymous_8)","decl":{"start":{"line":60,"column":36},"end":{"line":60,"column":37}},"loc":{"start":{"line":60,"column":90},"end":{"line":64,"column":2}}},"8":{"name":"(anonymous_9)","decl":{"start":{"line":66,"column":22},"end":{"line":66,"column":23}},"loc":{"start":{"line":66,"column":43},"end":{"line":68,"column":2}}},"9":{"name":"(anonymous_10)","decl":{"start":{"line":70,"column":24},"end":{"line":70,"column":25}},"loc":{"start":{"line":70,"column":57},"end":{"line":82,"column":2}}},"10":{"name":"(anonymous_11)","decl":{"start":{"line":72,"column":33},"end":{"line":72,"column":34}},"loc":{"start":{"line":73,"column":3},"end":{"line":73,"column":32}}},"11":{"name":"(anonymous_12)","decl":{"start":{"line":76,"column":33},"end":{"line":76,"column":34}},"loc":{"start":{"line":77,"column":12},"end":{"line":78,"column":null}}},"12":{"name":"(anonymous_13)","decl":{"start":{"line":77,"column":34},"end":{"line":77,"column":35}},"loc":{"start":{"line":78,"column":16},"end":{"line":78,"column":72}}},"13":{"name":"(anonymous_14)","decl":{"start":{"line":84,"column":22},"end":{"line":84,"column":23}},"loc":{"start":{"line":84,"column":43},"end":{"line":90,"column":2}}},"14":{"name":"(anonymous_15)","decl":{"start":{"line":86,"column":35},"end":{"line":86,"column":36}},"loc":{"start":{"line":87,"column":12},"end":{"line":87,"column":34}}}},"branchMap":{"0":{"loc":{"start":{"line":14,"column":2},"end":{"line":16,"column":3}},"type":"if","locations":[{"start":{"line":14,"column":2},"end":{"line":16,"column":3}},{"start":{},"end":{}}]},"1":{"loc":{"start":{"line":21,"column":2},"end":{"line":29,"column":3}},"type":"if","locations":[{"start":{"line":21,"column":2},"end":{"line":29,"column":3}},{"start":{"line":23,"column":9},"end":{"line":29,"column":3}}]},"2":{"loc":{"start":{"line":24,"column":3},"end":{"line":28,"column":4}},"type":"if","locations":[{"start":{"line":24,"column":3},"end":{"line":28,"column":4}},{"start":{"line":26,"column":10},"end":{"line":28,"column":4}}]},"3":{"loc":{"start":{"line":33,"column":2},"end":{"line":35,"column":3}},"type":"if","locations":[{"start":{"line":33,"column":2},"end":{"line":35,"column":3}},{"start":{},"end":{}}]},"4":{"loc":{"start":{"line":44,"column":17},"end":{"line":44,"column":53}},"type":"binary-expr","locations":[{"start":{"line":44,"column":17},"end":{"line":44,"column":44}},{"start":{"line":44,"column":48},"end":{"line":44,"column":53}}]},"5":{"loc":{"start":{"line":46,"column":56},"end":{"line":46,"column":86}},"type":"default-arg","locations":[{"start":{"line":46,"column":65},"end":{"line":46,"column":86}}]},"6":{"loc":{"start":{"line":47,"column":2},"end":{"line":47,"column":null}},"type":"if","locations":[{"start":{"line":47,"column":2},"end":{"line":47,"column":null}},{"start":{},"end":{}}]},"7":{"loc":{"start":{"line":50,"column":19},"end":{"line":50,"column":49}},"type":"default-arg","locations":[{"start":{"line":50,"column":28},"end":{"line":50,"column":49}}]},"8":{"loc":{"start":{"line":56,"column":24},"end":{"line":56,"column":55}},"type":"binary-expr","locations":[{"start":{"line":56,"column":24},"end":{"line":56,"column":38}},{"start":{"line":56,"column":42},"end":{"line":56,"column":55}}]},"9":{"loc":{"start":{"line":75,"column":2},"end":{"line":75,"column":null}},"type":"if","locations":[{"start":{"line":75,"column":2},"end":{"line":75,"column":null}},{"start":{},"end":{}}]},"10":{"loc":{"start":{"line":78,"column":16},"end":{"line":78,"column":72}},"type":"binary-expr","locations":[{"start":{"line":78,"column":16},"end":{"line":78,"column":40}},{"start":{"line":78,"column":44},"end":{"line":78,"column":72}}]},"11":{"loc":{"start":{"line":81,"column":9},"end":{"line":81,"column":50}},"type":"cond-expr","locations":[{"start":{"line":81,"column":39},"end":{"line":81,"column":44}},{"start":{"line":81,"column":45},"end":{"line":81,"column":50}}]},"12":{"loc":{"start":{"line":89,"column":9},"end":{"line":89,"column":50}},"type":"cond-expr","locations":[{"start":{"line":89,"column":39},"end":{"line":89,"column":44}},{"start":{"line":89,"column":45},"end":{"line":89,"column":50}}]}},"s":{"0":5,"1":5,"2":5,"3":5,"4":5,"5":5,"6":5,"7":5,"8":5,"9":64,"10":128,"11":128,"12":0,"13":0,"14":64,"15":46,"16":46,"17":0,"18":0,"19":0,"20":64,"21":844,"22":0,"23":64,"24":64,"25":64,"26":64,"27":64,"28":64,"29":0,"30":0,"31":0,"32":64,"33":1,"34":64,"35":64,"36":64,"37":64,"38":64,"39":64,"40":1,"41":1,"42":1,"43":64,"44":54,"45":64,"46":40,"47":40,"48":40,"49":40,"50":40,"51":0,"52":0,"53":0,"54":0,"55":64,"56":0,"57":0,"58":0,"59":0,"60":64,"61":5},"f":{"0":64,"1":128,"2":0,"3":46,"4":844,"5":0,"6":1,"7":1,"8":54,"9":40,"10":40,"11":0,"12":0,"13":0,"14":0},"b":{"0":[128,0],"1":[46,0],"2":[0,0],"3":[0,844],"4":[64,48],"5":[0],"6":[0,0],"7":[0],"8":[64,0],"9":[40,0],"10":[0,0],"11":[0,0],"12":[0,0]}}
,"/home/mulyawan/Project/Admin/NodeAdmin/src/config/app.ts": {"path":"/home/mulyawan/Project/Admin/NodeAdmin/src/config/app.ts","statementMap":{"0":{"start":{"line":1,"column":12},"end":{"line":10,"column":null}},"1":{"start":{"line":12,"column":0},"end":{"line":12,"column":19}}},"fnMap":{},"branchMap":{},"s":{"0":5,"1":5},"f":{},"b":{}}
,"/home/mulyawan/Project/Admin/NodeAdmin/src/config/env.ts": {"path":"/home/mulyawan/Project/Admin/NodeAdmin/src/config/env.ts","statementMap":{"0":{"start":{"line":1,"column":0},"end":{"line":1,"column":32}},"1":{"start":{"line":2,"column":0},"end":{"line":2,"column":null}},"2":{"start":{"line":11,"column":17},"end":{"line":11,"column":54}},"3":{"start":{"line":12,"column":15},"end":{"line":12,"column":40}},"4":{"start":{"line":15,"column":16},"end":{"line":15,"column":33}},"5":{"start":{"line":16,"column":4},"end":{"line":16,"column":null}},"6":{"start":{"line":16,"column":34},"end":{"line":16,"column":null}},"7":{"start":{"line":17,"column":4},"end":{"line":19,"column":5}},"8":{"start":{"line":18,"column":8},"end":{"line":18,"column":null}},"9":{"start":{"line":22,"column":4},"end":{"line":22,"column":null}},"10":{"start":{"line":23,"column":4},"end":{"line":23,"column":null}},"11":{"start":{"line":27,"column":14},"end":{"line":27,"column":31}},"12":{"start":{"line":28,"column":14},"end":{"line":28,"column":39}},"13":{"start":{"line":29,"column":4},"end":{"line":29,"column":null}},"14":{"start":{"line":33,"column":14},"end":{"line":33,"column":31}},"15":{"start":{"line":34,"column":4},"end":{"line":34,"column":null}},"16":{"start":{"line":34,"column":25},"end":{"line":34,"column":null}},"17":{"start":{"line":35,"column":4},"end":{"line":35,"column":null}},"18":{"start":{"line":38,"column":13},"end":{"line":105,"column":null}},"19":{"start":{"line":107,"column":0},"end":{"line":107,"column":null}}},"fnMap":{"0":{"name":"required","decl":{"start":{"line":14,"column":9},"end":{"line":14,"column":17}},"loc":{"start":{"line":14,"column":52},"end":{"line":24,"column":1}}},"1":{"name":"num","decl":{"start":{"line":26,"column":9},"end":{"line":26,"column":12}},"loc":{"start":{"line":26,"column":38},"end":{"line":30,"column":1}}},"2":{"name":"bool","decl":{"start":{"line":32,"column":9},"end":{"line":32,"column":13}},"loc":{"start":{"line":32,"column":39},"end":{"line":36,"column":1}}}},"branchMap":{"0":{"loc":{"start":{"line":11,"column":17},"end":{"line":11,"column":54}},"type":"binary-expr","locations":[{"start":{"line":11,"column":17},"end":{"line":11,"column":37}},{"start":{"line":11,"column":41},"end":{"line":11,"column":54}}]},"1":{"loc":{"start":{"line":16,"column":4},"end":{"line":16,"column":null}},"type":"if","locations":[{"start":{"line":16,"column":4},"end":{"line":16,"column":null}},{"start":{},"end":{}}]},"2":{"loc":{"start":{"line":16,"column":8},"end":{"line":16,"column":32}},"type":"binary-expr","locations":[{"start":{"line":16,"column":8},"end":{"line":16,"column":11}},{"start":{"line":16,"column":15},"end":{"line":16,"column":32}}]},"3":{"loc":{"start":{"line":17,"column":4},"end":{"line":19,"column":5}},"type":"if","locations":[{"start":{"line":17,"column":4},"end":{"line":19,"column":5}},{"start":{},"end":{}}]},"4":{"loc":{"start":{"line":23,"column":11},"end":{"line":23,"column":53}},"type":"binary-expr","locations":[{"start":{"line":23,"column":11},"end":{"line":23,"column":22}},{"start":{"line":23,"column":26},"end":{"line":23,"column":53}}]},"5":{"loc":{"start":{"line":28,"column":14},"end":{"line":28,"column":39}},"type":"cond-expr","locations":[{"start":{"line":28,"column":18},"end":{"line":28,"column":33}},{"start":{"line":28,"column":36},"end":{"line":28,"column":39}}]},"6":{"loc":{"start":{"line":29,"column":11},"end":{"line":29,"column":39}},"type":"cond-expr","locations":[{"start":{"line":29,"column":32},"end":{"line":29,"column":33}},{"start":{"line":29,"column":36},"end":{"line":29,"column":39}}]},"7":{"loc":{"start":{"line":32,"column":28},"end":{"line":32,"column":39}},"type":"default-arg","locations":[{"start":{"line":32,"column":34},"end":{"line":32,"column":39}}]},"8":{"loc":{"start":{"line":34,"column":4},"end":{"line":34,"column":null}},"type":"if","locations":[{"start":{"line":34,"column":4},"end":{"line":34,"column":null}},{"start":{},"end":{}}]},"9":{"loc":{"start":{"line":35,"column":11},"end":{"line":35,"column":36}},"type":"binary-expr","locations":[{"start":{"line":35,"column":11},"end":{"line":35,"column":23}},{"start":{"line":35,"column":27},"end":{"line":35,"column":36}}]},"10":{"loc":{"start":{"line":43,"column":14},"end":{"line":43,"column":56}},"type":"binary-expr","locations":[{"start":{"line":43,"column":14},"end":{"line":43,"column":34}},{"start":{"line":43,"column":38},"end":{"line":43,"column":56}}]},"11":{"loc":{"start":{"line":45,"column":14},"end":{"line":45,"column":50}},"type":"binary-expr","locations":[{"start":{"line":45,"column":14},"end":{"line":45,"column":34}},{"start":{"line":45,"column":38},"end":{"line":45,"column":50}}]},"12":{"loc":{"start":{"line":49,"column":15},"end":{"line":49,"column":45}},"type":"binary-expr","locations":[{"start":{"line":49,"column":15},"end":{"line":49,"column":34}},{"start":{"line":49,"column":38},"end":{"line":49,"column":45}}]},"13":{"loc":{"start":{"line":61,"column":13},"end":{"line":61,"column":62}},"type":"binary-expr","locations":[{"start":{"line":61,"column":13},"end":{"line":61,"column":34}},{"start":{"line":61,"column":38},"end":{"line":61,"column":62}}]},"14":{"loc":{"start":{"line":71,"column":19},"end":{"line":71,"column":53}},"type":"binary-expr","locations":[{"start":{"line":71,"column":19},"end":{"line":71,"column":45}},{"start":{"line":71,"column":49},"end":{"line":71,"column":53}}]},"15":{"loc":{"start":{"line":86,"column":18},"end":{"line":86,"column":60}},"type":"binary-expr","locations":[{"start":{"line":86,"column":18},"end":{"line":86,"column":44}},{"start":{"line":86,"column":48},"end":{"line":86,"column":60}}]},"16":{"loc":{"start":{"line":87,"column":21},"end":{"line":87,"column":76}},"type":"binary-expr","locations":[{"start":{"line":87,"column":21},"end":{"line":87,"column":50}},{"start":{"line":87,"column":54},"end":{"line":87,"column":76}}]}},"s":{"0":13,"1":13,"2":13,"3":13,"4":26,"5":26,"6":26,"7":0,"8":0,"9":0,"10":0,"11":104,"12":104,"13":104,"14":52,"15":52,"16":0,"17":52,"18":13,"19":13},"f":{"0":26,"1":104,"2":52},"b":{"0":[13,0],"1":[26,0],"2":[26,26],"3":[0,0],"4":[0,0],"5":[65,39],"6":[65,39],"7":[0],"8":[0,52],"9":[52,26],"10":[13,0],"11":[13,0],"12":[13,0],"13":[13,0],"14":[13,0],"15":[13,0],"16":[13,0]}}
,"/home/mulyawan/Project/Admin/NodeAdmin/src/config/ormconfig.ts": {"path":"/home/mulyawan/Project/Admin/NodeAdmin/src/config/ormconfig.ts","statementMap":{"0":{"start":{"line":1,"column":0},"end":{"line":1,"column":56}},"1":{"start":{"line":2,"column":0},"end":{"line":2,"column":24}},"2":{"start":{"line":3,"column":0},"end":{"line":3,"column":24}},"3":{"start":{"line":4,"column":0},"end":{"line":4,"column":72}},"4":{"start":{"line":5,"column":0},"end":{"line":5,"column":60}},"5":{"start":{"line":6,"column":0},"end":{"line":6,"column":60}},"6":{"start":{"line":7,"column":0},"end":{"line":7,"column":67}},"7":{"start":{"line":11,"column":15},"end":{"line":11,"column":55}},"8":{"start":{"line":13,"column":17},"end":{"line":13,"column":67}},"9":{"start":{"line":14,"column":22},"end":{"line":14,"column":64}},"10":{"start":{"line":16,"column":20},"end":{"line":25,"column":2}},"11":{"start":{"line":27,"column":26},"end":{"line":41,"column":6}},"12":{"start":{"line":43,"column":22},"end":{"line":47,"column":23}},"13":{"start":{"line":49,"column":0},"end":{"line":49,"column":29}}},"fnMap":{},"branchMap":{"0":{"loc":{"start":{"line":13,"column":17},"end":{"line":13,"column":67}},"type":"binary-expr","locations":[{"start":{"line":13,"column":17},"end":{"line":13,"column":36}},{"start":{"line":13,"column":40},"end":{"line":13,"column":67}}]},"1":{"loc":{"start":{"line":14,"column":22},"end":{"line":14,"column":64}},"type":"binary-expr","locations":[{"start":{"line":14,"column":22},"end":{"line":14,"column":40}},{"start":{"line":14,"column":44},"end":{"line":14,"column":64}}]},"2":{"loc":{"start":{"line":27,"column":26},"end":{"line":41,"column":6}},"type":"cond-expr","locations":[{"start":{"line":28,"column":6},"end":{"line":30,"column":null}},{"start":{"line":31,"column":6},"end":{"line":41,"column":6}}]},"3":{"loc":{"start":{"line":38,"column":12},"end":{"line":38,"column":50}},"type":"cond-expr","locations":[{"start":{"line":38,"column":28},"end":{"line":38,"column":45}},{"start":{"line":38,"column":48},"end":{"line":38,"column":50}}]}},"s":{"0":13,"1":13,"2":13,"3":13,"4":13,"5":13,"6":13,"7":13,"8":13,"9":13,"10":13,"11":13,"12":13,"13":13},"f":{},"b":{"0":[13,13],"1":[13,13],"2":[13,0],"3":[0,0]}}
,"/home/mulyawan/Project/Admin/NodeAdmin/src/config/ossconfig.ts": {"path":"/home/mulyawan/Project/Admin/NodeAdmin/src/config/ossconfig.ts","statementMap":{"0":{"start":{"line":1,"column":0},"end":{"line":1,"column":26}},"1":{"start":{"line":2,"column":0},"end":{"line":2,"column":24}},"2":{"start":{"line":4,"column":15},"end":{"line":10,"column":2}},"3":{"start":{"line":14,"column":19},"end":{"line":14,"column":28}},"4":{"start":{"line":12,"column":12},"end":{"line":12,"column":27}},"5":{"start":{"line":15,"column":0},"end":{"line":15,"column":null}}},"fnMap":{},"branchMap":{},"s":{"0":0,"1":0,"2":0,"3":0,"4":0,"5":0},"f":{},"b":{}}
,"/home/mulyawan/Project/Admin/NodeAdmin/src/config/themes.ts": {"path":"/home/mulyawan/Project/Admin/NodeAdmin/src/config/themes.ts","statementMap":{"0":{"start":{"line":17,"column":13},"end":{"line":27,"column":null}},"1":{"start":{"line":29,"column":13},"end":{"line":29,"column":null}},"2":{"start":{"line":31,"column":13},"end":{"line":31,"column":null}},"3":{"start":{"line":33,"column":24},"end":{"line":35,"column":1}},"4":{"start":{"line":34,"column":4},"end":{"line":34,"column":null}},"5":{"start":{"line":33,"column":13},"end":{"line":33,"column":24}}},"fnMap":{"0":{"name":"(anonymous_0)","decl":{"start":{"line":33,"column":24},"end":{"line":33,"column":25}},"loc":{"start":{"line":33,"column":56},"end":{"line":35,"column":1}}}},"branchMap":{"0":{"loc":{"start":{"line":34,"column":11},"end":{"line":34,"column":58}},"type":"binary-expr","locations":[{"start":{"line":34,"column":12},"end":{"line":34,"column":16}},{"start":{"line":34,"column":20},"end":{"line":34,"column":32}},{"start":{"line":34,"column":37},"end":{"line":34,"column":58}}]}},"s":{"0":6,"1":6,"2":6,"3":6,"4":67,"5":6},"f":{"0":67},"b":{"0":[67,66,2]}}
,"/home/mulyawan/Project/Admin/NodeAdmin/src/helpers/functions.ts": {"path":"/home/mulyawan/Project/Admin/NodeAdmin/src/helpers/functions.ts","statementMap":{"0":{"start":{"line":3,"column":8},"end":{"line":7,"column":null}},"1":{"start":{"line":4,"column":12},"end":{"line":6,"column":13}},"2":{"start":{"line":5,"column":16},"end":{"line":5,"column":null}},"3":{"start":{"line":8,"column":8},"end":{"line":8,"column":null}},"4":{"start":{"line":1,"column":0},"end":{"line":1,"column":21}},"5":{"start":{"line":16,"column":22},"end":{"line":22,"column":1}},"6":{"start":{"line":21,"column":4},"end":{"line":21,"column":null}},"7":{"start":{"line":16,"column":13},"end":{"line":16,"column":22}},"8":{"start":{"line":24,"column":28},"end":{"line":35,"column":1}},"9":{"start":{"line":25,"column":43},"end":{"line":25,"column":45}},"10":{"start":{"line":26,"column":4},"end":{"line":33,"column":null}},"11":{"start":{"line":27,"column":8},"end":{"line":32,"column":9}},"12":{"start":{"line":28,"column":27},"end":{"line":28,"column":55}},"13":{"start":{"line":29,"column":12},"end":{"line":29,"column":null}},"14":{"start":{"line":31,"column":12},"end":{"line":31,"column":null}},"15":{"start":{"line":34,"column":4},"end":{"line":34,"column":null}},"16":{"start":{"line":24,"column":13},"end":{"line":24,"column":28}}},"fnMap":{"0":{"name":"(anonymous_0)","decl":{"start":{"line":2,"column":11},"end":{"line":2,"column":17}},"loc":{"start":{"line":2,"column":44},"end":{"line":9,"column":5}}},"1":{"name":"(anonymous_1)","decl":{"start":{"line":3,"column":33},"end":{"line":3,"column":36}},"loc":{"start":{"line":3,"column":39},"end":{"line":7,"column":9}}},"2":{"name":"(anonymous_2)","decl":{"start":{"line":16,"column":22},"end":{"line":16,"column":null}},"loc":{"start":{"line":20,"column":41},"end":{"line":22,"column":1}}},"3":{"name":"(anonymous_3)","decl":{"start":{"line":24,"column":28},"end":{"line":24,"column":29}},"loc":{"start":{"line":24,"column":107},"end":{"line":35,"column":1}}},"4":{"name":"(anonymous_4)","decl":{"start":{"line":26,"column":36},"end":{"line":26,"column":37}},"loc":{"start":{"line":26,"column":44},"end":{"line":33,"column":5}}}},"branchMap":{"0":{"loc":{"start":{"line":4,"column":12},"end":{"line":6,"column":13}},"type":"if","locations":[{"start":{"line":4,"column":12},"end":{"line":6,"column":13}},{"start":{},"end":{}}]},"1":{"loc":{"start":{"line":4,"column":16},"end":{"line":4,"column":78}},"type":"binary-expr","locations":[{"start":{"line":4,"column":16},"end":{"line":4,"column":38}},{"start":{"line":4,"column":42},"end":{"line":4,"column":59}},{"start":{"line":4,"column":63},"end":{"line":4,"column":78}}]},"2":{"loc":{"start":{"line":27,"column":8},"end":{"line":32,"column":9}},"type":"if","locations":[{"start":{"line":27,"column":8},"end":{"line":32,"column":9}},{"start":{"line":30,"column":15},"end":{"line":32,"column":9}}]}},"s":{"0":20,"1":77,"2":3,"3":20,"4":9,"5":9,"6":2,"7":9,"8":9,"9":5,"10":5,"11":5,"12":3,"13":3,"14":2,"15":5,"16":9},"f":{"0":20,"1":77,"2":2,"3":5,"4":5},"b":{"0":[3,74],"1":[77,76,75],"2":[3,2]}}
,"/home/mulyawan/Project/Admin/NodeAdmin/src/helpers/otp.ts": {"path":"/home/mulyawan/Project/Admin/NodeAdmin/src/helpers/otp.ts","statementMap":{"0":{"start":{"line":1,"column":0},"end":{"line":1,"column":27}},"1":{"start":{"line":2,"column":0},"end":{"line":2,"column":29}},"2":{"start":{"line":3,"column":0},"end":{"line":3,"column":31}},"3":{"start":{"line":12,"column":27},"end":{"line":18,"column":1}},"4":{"start":{"line":13,"column":14},"end":{"line":13,"column":16}},"5":{"start":{"line":14,"column":4},"end":{"line":16,"column":5}},"6":{"start":{"line":14,"column":17},"end":{"line":14,"column":18}},"7":{"start":{"line":15,"column":8},"end":{"line":15,"column":null}},"8":{"start":{"line":17,"column":4},"end":{"line":17,"column":null}},"9":{"start":{"line":12,"column":13},"end":{"line":12,"column":27}},"10":{"start":{"line":20,"column":23},"end":{"line":22,"column":1}},"11":{"start":{"line":21,"column":4},"end":{"line":21,"column":null}},"12":{"start":{"line":20,"column":13},"end":{"line":20,"column":23}},"13":{"start":{"line":24,"column":25},"end":{"line":27,"column":1}},"14":{"start":{"line":25,"column":4},"end":{"line":25,"column":null}},"15":{"start":{"line":25,"column":17},"end":{"line":25,"column":null}},"16":{"start":{"line":26,"column":4},"end":{"line":26,"column":null}},"17":{"start":{"line":24,"column":13},"end":{"line":24,"column":25}},"18":{"start":{"line":30,"column":25},"end":{"line":30,"column":76}},"19":{"start":{"line":30,"column":39},"end":{"line":30,"column":76}},"20":{"start":{"line":30,"column":13},"end":{"line":30,"column":25}}},"fnMap":{"0":{"name":"(anonymous_1)","decl":{"start":{"line":12,"column":27},"end":{"line":12,"column":28}},"loc":{"start":{"line":12,"column":50},"end":{"line":18,"column":1}}},"1":{"name":"(anonymous_2)","decl":{"start":{"line":20,"column":23},"end":{"line":20,"column":28}},"loc":{"start":{"line":20,"column":62},"end":{"line":22,"column":1}}},"2":{"name":"(anonymous_3)","decl":{"start":{"line":24,"column":25},"end":{"line":24,"column":30}},"loc":{"start":{"line":24,"column":89},"end":{"line":27,"column":1}}},"3":{"name":"(anonymous_4)","decl":{"start":{"line":30,"column":25},"end":{"line":30,"column":36}},"loc":{"start":{"line":30,"column":39},"end":{"line":30,"column":76}}}},"branchMap":{"0":{"loc":{"start":{"line":12,"column":28},"end":{"line":12,"column":38}},"type":"default-arg","locations":[{"start":{"line":12,"column":37},"end":{"line":12,"column":38}}]},"1":{"loc":{"start":{"line":25,"column":4},"end":{"line":25,"column":null}},"type":"if","locations":[{"start":{"line":25,"column":4},"end":{"line":25,"column":null}},{"start":{},"end":{}}]}},"s":{"0":6,"1":6,"2":6,"3":6,"4":22,"5":22,"6":22,"7":132,"8":22,"9":6,"10":6,"11":2,"12":6,"13":6,"14":3,"15":1,"16":2,"17":6,"18":6,"19":1,"20":6},"f":{"0":22,"1":2,"2":3,"3":1},"b":{"0":[21],"1":[1,2]}}
,"/home/mulyawan/Project/Admin/NodeAdmin/src/middleware/csrf.ts": {"path":"/home/mulyawan/Project/Admin/NodeAdmin/src/middleware/csrf.ts","statementMap":{"0":{"start":{"line":2,"column":0},"end":{"line":2,"column":27}},"1":{"start":{"line":12,"column":13},"end":{"line":12,"column":48}},"2":{"start":{"line":14,"column":30},"end":{"line":34,"column":1}},"3":{"start":{"line":16,"column":4},"end":{"line":16,"column":null}},"4":{"start":{"line":16,"column":22},"end":{"line":16,"column":null}},"5":{"start":{"line":17,"column":4},"end":{"line":19,"column":5}},"6":{"start":{"line":18,"column":9},"end":{"line":18,"column":null}},"7":{"start":{"line":20,"column":19},"end":{"line":20,"column":48}},"8":{"start":{"line":21,"column":4},"end":{"line":21,"column":null}},"9":{"start":{"line":24,"column":4},"end":{"line":24,"column":null}},"10":{"start":{"line":24,"column":38},"end":{"line":24,"column":null}},"11":{"start":{"line":26,"column":4},"end":{"line":26,"column":null}},"12":{"start":{"line":26,"column":30},"end":{"line":26,"column":null}},"13":{"start":{"line":28,"column":17},"end":{"line":28,"column":76}},"14":{"start":{"line":29,"column":4},"end":{"line":32,"column":5}},"15":{"start":{"line":31,"column":8},"end":{"line":31,"column":null}},"16":{"start":{"line":33,"column":4},"end":{"line":33,"column":null}},"17":{"start":{"line":14,"column":13},"end":{"line":14,"column":30}}},"fnMap":{"0":{"name":"(anonymous_1)","decl":{"start":{"line":14,"column":30},"end":{"line":14,"column":31}},"loc":{"start":{"line":14,"column":82},"end":{"line":34,"column":1}}}},"branchMap":{"0":{"loc":{"start":{"line":16,"column":4},"end":{"line":16,"column":null}},"type":"if","locations":[{"start":{"line":16,"column":4},"end":{"line":16,"column":null}},{"start":{},"end":{}}]},"1":{"loc":{"start":{"line":17,"column":4},"end":{"line":19,"column":5}},"type":"if","locations":[{"start":{"line":17,"column":4},"end":{"line":19,"column":5}},{"start":{},"end":{}}]},"2":{"loc":{"start":{"line":24,"column":4},"end":{"line":24,"column":null}},"type":"if","locations":[{"start":{"line":24,"column":4},"end":{"line":24,"column":null}},{"start":{},"end":{}}]},"3":{"loc":{"start":{"line":26,"column":4},"end":{"line":26,"column":null}},"type":"if","locations":[{"start":{"line":26,"column":4},"end":{"line":26,"column":null}},{"start":{},"end":{}}]},"4":{"loc":{"start":{"line":28,"column":17},"end":{"line":28,"column":76}},"type":"binary-expr","locations":[{"start":{"line":28,"column":18},"end":{"line":28,"column":26}},{"start":{"line":28,"column":30},"end":{"line":28,"column":44}},{"start":{"line":28,"column":49},"end":{"line":28,"column":76}}]},"5":{"loc":{"start":{"line":29,"column":4},"end":{"line":32,"column":5}},"type":"if","locations":[{"start":{"line":29,"column":4},"end":{"line":32,"column":5}},{"start":{},"end":{}}]},"6":{"loc":{"start":{"line":29,"column":8},"end":{"line":30,"column":69}},"type":"binary-expr","locations":[{"start":{"line":29,"column":8},"end":{"line":29,"column":12}},{"start":{"line":29,"column":16},"end":{"line":29,"column":40}},{"start":{"line":29,"column":44},"end":{"line":29,"column":72}},{"start":{"line":30,"column":8},"end":{"line":30,"column":69}}]}},"s":{"0":5,"1":5,"2":5,"3":64,"4":0,"5":64,"6":42,"7":64,"8":64,"9":64,"10":13,"11":51,"12":28,"13":23,"14":23,"15":20,"16":3,"17":5},"f":{"0":64},"b":{"0":[0,64],"1":[42,22],"2":[13,51],"3":[28,23],"4":[23,23,3],"5":[20,3],"6":[23,20,20,20]}}
,"/home/mulyawan/Project/Admin/NodeAdmin/src/middleware/rateLimiter.ts": {"path":"/home/mulyawan/Project/Admin/NodeAdmin/src/middleware/rateLimiter.ts","statementMap":{"0":{"start":{"line":1,"column":0},"end":{"line":1,"column":42}},"1":{"start":{"line":7,"column":13},"end":{"line":13,"column":null}},"2":{"start":{"line":16,"column":13},"end":{"line":22,"column":null}}},"fnMap":{},"branchMap":{},"s":{"0":5,"1":5,"2":5},"f":{},"b":{}}
,"/home/mulyawan/Project/Admin/NodeAdmin/src/modules/access/Module.ts": {"path":"/home/mulyawan/Project/Admin/NodeAdmin/src/modules/access/Module.ts","statementMap":{"0":{"start":{"line":2,"column":18},"end":{"line":2,"column":null}},"1":{"start":{"line":3,"column":18},"end":{"line":3,"column":null}},"2":{"start":{"line":1,"column":21},"end":{"line":1,"column":null}}},"fnMap":{},"branchMap":{},"s":{"0":6,"1":6,"2":6},"f":{},"b":{}}
,"/home/mulyawan/Project/Admin/NodeAdmin/src/modules/access/http/controllers/api/v1/PermissionController.ts": {"path":"/home/mulyawan/Project/Admin/NodeAdmin/src/modules/access/http/controllers/api/v1/PermissionController.ts","statementMap":{"0":{"start":{"line":2,"column":0},"end":{"line":2,"column":70}},"1":{"start":{"line":3,"column":0},"end":{"line":3,"column":52}},"2":{"start":{"line":4,"column":0},"end":{"line":4,"column":45}},"3":{"start":{"line":5,"column":0},"end":{"line":5,"column":63}},"4":{"start":{"line":8,"column":12},"end":{"line":8,"column":null}},"5":{"start":{"line":11,"column":2},"end":{"line":11,"column":null}},"6":{"start":{"line":12,"column":23},"end":{"line":12,"column":32}},"7":{"start":{"line":13,"column":38},"end":{"line":13,"column":80}},"8":{"start":{"line":14,"column":8},"end":{"line":14,"column":null}},"9":{"start":{"line":18,"column":8},"end":{"line":33,"column":9}},"10":{"start":{"line":19,"column":12},"end":{"line":21,"column":13}},"11":{"start":{"line":20,"column":16},"end":{"line":20,"column":null}},"12":{"start":{"line":22,"column":27},"end":{"line":22,"column":48}},"13":{"start":{"line":23,"column":12},"end":{"line":25,"column":13}},"14":{"start":{"line":24,"column":16},"end":{"line":24,"column":null}},"15":{"start":{"line":26,"column":27},"end":{"line":26,"column":71}},"16":{"start":{"line":27,"column":12},"end":{"line":29,"column":13}},"17":{"start":{"line":28,"column":16},"end":{"line":28,"column":null}},"18":{"start":{"line":30,"column":12},"end":{"line":30,"column":null}},"19":{"start":{"line":32,"column":12},"end":{"line":32,"column":null}},"20":{"start":{"line":37,"column":23},"end":{"line":37,"column":71}},"21":{"start":{"line":38,"column":21},"end":{"line":38,"column":27}},"22":{"start":{"line":39,"column":8},"end":{"line":39,"column":null}},"23":{"start":{"line":43,"column":8},"end":{"line":55,"column":9}},"24":{"start":{"line":44,"column":27},"end":{"line":44,"column":48}},"25":{"start":{"line":45,"column":12},"end":{"line":47,"column":13}},"26":{"start":{"line":46,"column":16},"end":{"line":46,"column":null}},"27":{"start":{"line":48,"column":27},"end":{"line":48,"column":87}},"28":{"start":{"line":49,"column":12},"end":{"line":51,"column":13}},"29":{"start":{"line":50,"column":16},"end":{"line":50,"column":null}},"30":{"start":{"line":52,"column":12},"end":{"line":52,"column":null}},"31":{"start":{"line":54,"column":12},"end":{"line":54,"column":null}},"32":{"start":{"line":59,"column":23},"end":{"line":59,"column":73}},"33":{"start":{"line":60,"column":8},"end":{"line":62,"column":9}},"34":{"start":{"line":61,"column":8},"end":{"line":61,"column":null}},"35":{"start":{"line":63,"column":8},"end":{"line":63,"column":null}},"36":{"start":{"line":67,"column":8},"end":{"line":67,"column":null}},"37":{"start":{"line":67,"column":64},"end":{"line":67,"column":97}},"38":{"start":{"line":68,"column":8},"end":{"line":68,"column":null}},"39":{"start":{"line":7,"column":0},"end":{"line":7,"column":21}}},"fnMap":{"0":{"name":"(anonymous_1)","decl":{"start":{"line":7,"column":0},"end":{"line":7,"column":21}},"loc":{"start":{"line":7,"column":0},"end":{"line":70,"column":1}}},"1":{"name":"(anonymous_2)","decl":{"start":{"line":10,"column":11},"end":{"line":10,"column":16}},"loc":{"start":{"line":10,"column":50},"end":{"line":15,"column":5}}},"2":{"name":"(anonymous_3)","decl":{"start":{"line":17,"column":11},"end":{"line":17,"column":16}},"loc":{"start":{"line":17,"column":50},"end":{"line":34,"column":5}}},"3":{"name":"(anonymous_4)","decl":{"start":{"line":36,"column":11},"end":{"line":36,"column":16}},"loc":{"start":{"line":36,"column":49},"end":{"line":40,"column":5}}},"4":{"name":"(anonymous_5)","decl":{"start":{"line":42,"column":11},"end":{"line":42,"column":16}},"loc":{"start":{"line":42,"column":51},"end":{"line":56,"column":5}}},"5":{"name":"(anonymous_6)","decl":{"start":{"line":58,"column":11},"end":{"line":58,"column":16}},"loc":{"start":{"line":58,"column":51},"end":{"line":64,"column":5}}},"6":{"name":"(anonymous_7)","decl":{"start":{"line":66,"column":11},"end":{"line":66,"column":16}},"loc":{"start":{"line":66,"column":60},"end":{"line":69,"column":5}}},"7":{"name":"(anonymous_8)","decl":{"start":{"line":67,"column":48},"end":{"line":67,"column":49}},"loc":{"start":{"line":67,"column":64},"end":{"line":67,"column":97}}}},"branchMap":{"0":{"loc":{"start":{"line":19,"column":12},"end":{"line":21,"column":13}},"type":"if","locations":[{"start":{"line":19,"column":12},"end":{"line":21,"column":13}},{"start":{},"end":{}}]},"1":{"loc":{"start":{"line":23,"column":12},"end":{"line":25,"column":13}},"type":"if","locations":[{"start":{"line":23,"column":12},"end":{"line":25,"column":13}},{"start":{},"end":{}}]},"2":{"loc":{"start":{"line":27,"column":12},"end":{"line":29,"column":13}},"type":"if","locations":[{"start":{"line":27,"column":12},"end":{"line":29,"column":13}},{"start":{},"end":{}}]},"3":{"loc":{"start":{"line":45,"column":12},"end":{"line":47,"column":13}},"type":"if","locations":[{"start":{"line":45,"column":12},"end":{"line":47,"column":13}},{"start":{},"end":{}}]},"4":{"loc":{"start":{"line":49,"column":12},"end":{"line":51,"column":13}},"type":"if","locations":[{"start":{"line":49,"column":12},"end":{"line":51,"column":13}},{"start":{},"end":{}}]},"5":{"loc":{"start":{"line":60,"column":8},"end":{"line":62,"column":9}},"type":"if","locations":[{"start":{"line":60,"column":8},"end":{"line":62,"column":9}},{"start":{},"end":{}}]}},"s":{"0":5,"1":5,"2":5,"3":5,"4":5,"5":0,"6":0,"7":0,"8":0,"9":0,"10":0,"11":0,"12":0,"13":0,"14":0,"15":0,"16":0,"17":0,"18":0,"19":0,"20":0,"21":0,"22":0,"23":0,"24":0,"25":0,"26":0,"27":0,"28":0,"29":0,"30":0,"31":0,"32":0,"33":0,"34":0,"35":0,"36":0,"37":0,"38":0,"39":5},"f":{"0":5,"1":0,"2":0,"3":0,"4":0,"5":0,"6":0,"7":0},"b":{"0":[0,0],"1":[0,0],"2":[0,0],"3":[0,0],"4":[0,0],"5":[0,0]}}
,"/home/mulyawan/Project/Admin/NodeAdmin/src/modules/access/http/controllers/api/v1/RoleController.ts": {"path":"/home/mulyawan/Project/Admin/NodeAdmin/src/modules/access/http/controllers/api/v1/RoleController.ts","statementMap":{"0":{"start":{"line":2,"column":0},"end":{"line":2,"column":52}},"1":{"start":{"line":3,"column":0},"end":{"line":3,"column":58}},"2":{"start":{"line":4,"column":0},"end":{"line":4,"column":63}},"3":{"start":{"line":7,"column":9},"end":{"line":7,"column":null}},"4":{"start":{"line":10,"column":23},"end":{"line":10,"column":32}},"5":{"start":{"line":11,"column":38},"end":{"line":11,"column":74}},"6":{"start":{"line":12,"column":8},"end":{"line":12,"column":null}},"7":{"start":{"line":16,"column":8},"end":{"line":31,"column":9}},"8":{"start":{"line":17,"column":12},"end":{"line":19,"column":13}},"9":{"start":{"line":18,"column":16},"end":{"line":18,"column":null}},"10":{"start":{"line":20,"column":27},"end":{"line":20,"column":48}},"11":{"start":{"line":21,"column":12},"end":{"line":23,"column":13}},"12":{"start":{"line":22,"column":16},"end":{"line":22,"column":null}},"13":{"start":{"line":24,"column":27},"end":{"line":24,"column":65}},"14":{"start":{"line":25,"column":12},"end":{"line":27,"column":13}},"15":{"start":{"line":26,"column":16},"end":{"line":26,"column":null}},"16":{"start":{"line":28,"column":12},"end":{"line":28,"column":null}},"17":{"start":{"line":30,"column":12},"end":{"line":30,"column":null}},"18":{"start":{"line":35,"column":23},"end":{"line":35,"column":65}},"19":{"start":{"line":36,"column":21},"end":{"line":36,"column":27}},"20":{"start":{"line":37,"column":8},"end":{"line":37,"column":null}},"21":{"start":{"line":41,"column":8},"end":{"line":53,"column":9}},"22":{"start":{"line":42,"column":27},"end":{"line":42,"column":48}},"23":{"start":{"line":43,"column":12},"end":{"line":45,"column":13}},"24":{"start":{"line":44,"column":16},"end":{"line":44,"column":null}},"25":{"start":{"line":46,"column":27},"end":{"line":46,"column":81}},"26":{"start":{"line":47,"column":12},"end":{"line":49,"column":13}},"27":{"start":{"line":48,"column":16},"end":{"line":48,"column":null}},"28":{"start":{"line":50,"column":12},"end":{"line":50,"column":null}},"29":{"start":{"line":52,"column":12},"end":{"line":52,"column":null}},"30":{"start":{"line":57,"column":23},"end":{"line":57,"column":67}},"31":{"start":{"line":58,"column":8},"end":{"line":60,"column":9}},"32":{"start":{"line":59,"column":12},"end":{"line":59,"column":null}},"33":{"start":{"line":61,"column":8},"end":{"line":61,"column":null}},"34":{"start":{"line":65,"column":8},"end":{"line":65,"column":null}},"35":{"start":{"line":65,"column":64},"end":{"line":65,"column":91}},"36":{"start":{"line":66,"column":8},"end":{"line":66,"column":null}},"37":{"start":{"line":70,"column":23},"end":{"line":70,"column":32}},"38":{"start":{"line":71,"column":47},"end":{"line":71,"column":102}},"39":{"start":{"line":72,"column":8},"end":{"line":72,"column":null}},"40":{"start":{"line":76,"column":8},"end":{"line":84,"column":9}},"41":{"start":{"line":77,"column":27},"end":{"line":77,"column":108}},"42":{"start":{"line":78,"column":12},"end":{"line":80,"column":13}},"43":{"start":{"line":79,"column":16},"end":{"line":79,"column":null}},"44":{"start":{"line":81,"column":12},"end":{"line":81,"column":null}},"45":{"start":{"line":83,"column":12},"end":{"line":83,"column":null}},"46":{"start":{"line":88,"column":8},"end":{"line":96,"column":9}},"47":{"start":{"line":89,"column":27},"end":{"line":89,"column":110}},"48":{"start":{"line":90,"column":12},"end":{"line":92,"column":13}},"49":{"start":{"line":91,"column":16},"end":{"line":91,"column":null}},"50":{"start":{"line":93,"column":12},"end":{"line":93,"column":null}},"51":{"start":{"line":95,"column":12},"end":{"line":95,"column":null}},"52":{"start":{"line":100,"column":8},"end":{"line":108,"column":9}},"53":{"start":{"line":101,"column":27},"end":{"line":101,"column":110}},"54":{"start":{"line":102,"column":12},"end":{"line":104,"column":13}},"55":{"start":{"line":103,"column":16},"end":{"line":103,"column":null}},"56":{"start":{"line":105,"column":12},"end":{"line":105,"column":null}},"57":{"start":{"line":107,"column":12},"end":{"line":107,"column":null}},"58":{"start":{"line":112,"column":8},"end":{"line":120,"column":9}},"59":{"start":{"line":113,"column":27},"end":{"line":113,"column":112}},"60":{"start":{"line":114,"column":12},"end":{"line":116,"column":13}},"61":{"start":{"line":115,"column":16},"end":{"line":115,"column":null}},"62":{"start":{"line":117,"column":12},"end":{"line":117,"column":null}},"63":{"start":{"line":119,"column":12},"end":{"line":119,"column":null}},"64":{"start":{"line":6,"column":0},"end":{"line":6,"column":21}}},"fnMap":{"0":{"name":"(anonymous_1)","decl":{"start":{"line":6,"column":0},"end":{"line":6,"column":21}},"loc":{"start":{"line":6,"column":0},"end":{"line":122,"column":1}}},"1":{"name":"(anonymous_2)","decl":{"start":{"line":9,"column":11},"end":{"line":9,"column":16}},"loc":{"start":{"line":9,"column":50},"end":{"line":13,"column":5}}},"2":{"name":"(anonymous_3)","decl":{"start":{"line":15,"column":11},"end":{"line":15,"column":16}},"loc":{"start":{"line":15,"column":50},"end":{"line":32,"column":5}}},"3":{"name":"(anonymous_4)","decl":{"start":{"line":34,"column":11},"end":{"line":34,"column":16}},"loc":{"start":{"line":34,"column":49},"end":{"line":38,"column":5}}},"4":{"name":"(anonymous_5)","decl":{"start":{"line":40,"column":11},"end":{"line":40,"column":16}},"loc":{"start":{"line":40,"column":51},"end":{"line":54,"column":5}}},"5":{"name":"(anonymous_6)","decl":{"start":{"line":56,"column":11},"end":{"line":56,"column":16}},"loc":{"start":{"line":56,"column":51},"end":{"line":62,"column":5}}},"6":{"name":"(anonymous_7)","decl":{"start":{"line":64,"column":11},"end":{"line":64,"column":16}},"loc":{"start":{"line":64,"column":60},"end":{"line":67,"column":5}}},"7":{"name":"(anonymous_8)","decl":{"start":{"line":65,"column":48},"end":{"line":65,"column":49}},"loc":{"start":{"line":65,"column":64},"end":{"line":65,"column":91}}},"8":{"name":"(anonymous_9)","decl":{"start":{"line":69,"column":11},"end":{"line":69,"column":16}},"loc":{"start":{"line":69,"column":55},"end":{"line":73,"column":5}}},"9":{"name":"(anonymous_10)","decl":{"start":{"line":75,"column":11},"end":{"line":75,"column":16}},"loc":{"start":{"line":75,"column":62},"end":{"line":85,"column":5}}},"10":{"name":"(anonymous_11)","decl":{"start":{"line":87,"column":11},"end":{"line":87,"column":16}},"loc":{"start":{"line":87,"column":71},"end":{"line":97,"column":5}}},"11":{"name":"(anonymous_12)","decl":{"start":{"line":99,"column":11},"end":{"line":99,"column":16}},"loc":{"start":{"line":99,"column":64},"end":{"line":109,"column":5}}},"12":{"name":"(anonymous_13)","decl":{"start":{"line":111,"column":11},"end":{"line":111,"column":16}},"loc":{"start":{"line":111,"column":73},"end":{"line":121,"column":5}}}},"branchMap":{"0":{"loc":{"start":{"line":17,"column":12},"end":{"line":19,"column":13}},"type":"if","locations":[{"start":{"line":17,"column":12},"end":{"line":19,"column":13}},{"start":{},"end":{}}]},"1":{"loc":{"start":{"line":21,"column":12},"end":{"line":23,"column":13}},"type":"if","locations":[{"start":{"line":21,"column":12},"end":{"line":23,"column":13}},{"start":{},"end":{}}]},"2":{"loc":{"start":{"line":25,"column":12},"end":{"line":27,"column":13}},"type":"if","locations":[{"start":{"line":25,"column":12},"end":{"line":27,"column":13}},{"start":{},"end":{}}]},"3":{"loc":{"start":{"line":43,"column":12},"end":{"line":45,"column":13}},"type":"if","locations":[{"start":{"line":43,"column":12},"end":{"line":45,"column":13}},{"start":{},"end":{}}]},"4":{"loc":{"start":{"line":47,"column":12},"end":{"line":49,"column":13}},"type":"if","locations":[{"start":{"line":47,"column":12},"end":{"line":49,"column":13}},{"start":{},"end":{}}]},"5":{"loc":{"start":{"line":58,"column":8},"end":{"line":60,"column":9}},"type":"if","locations":[{"start":{"line":58,"column":8},"end":{"line":60,"column":9}},{"start":{},"end":{}}]},"6":{"loc":{"start":{"line":78,"column":12},"end":{"line":80,"column":13}},"type":"if","locations":[{"start":{"line":78,"column":12},"end":{"line":80,"column":13}},{"start":{},"end":{}}]},"7":{"loc":{"start":{"line":90,"column":12},"end":{"line":92,"column":13}},"type":"if","locations":[{"start":{"line":90,"column":12},"end":{"line":92,"column":13}},{"start":{},"end":{}}]},"8":{"loc":{"start":{"line":102,"column":12},"end":{"line":104,"column":13}},"type":"if","locations":[{"start":{"line":102,"column":12},"end":{"line":104,"column":13}},{"start":{},"end":{}}]},"9":{"loc":{"start":{"line":114,"column":12},"end":{"line":116,"column":13}},"type":"if","locations":[{"start":{"line":114,"column":12},"end":{"line":116,"column":13}},{"start":{},"end":{}}]}},"s":{"0":5,"1":5,"2":5,"3":5,"4":0,"5":0,"6":0,"7":0,"8":0,"9":0,"10":0,"11":0,"12":0,"13":0,"14":0,"15":0,"16":0,"17":0,"18":0,"19":0,"20":0,"21":0,"22":0,"23":0,"24":0,"25":0,"26":0,"27":0,"28":0,"29":0,"30":0,"31":0,"32":0,"33":0,"34":0,"35":0,"36":0,"37":0,"38":0,"39":0,"40":0,"41":0,"42":0,"43":0,"44":0,"45":0,"46":0,"47":0,"48":0,"49":0,"50":0,"51":0,"52":0,"53":0,"54":0,"55":0,"56":0,"57":0,"58":0,"59":0,"60":0,"61":0,"62":0,"63":0,"64":5},"f":{"0":5,"1":0,"2":0,"3":0,"4":0,"5":0,"6":0,"7":0,"8":0,"9":0,"10":0,"11":0,"12":0},"b":{"0":[0,0],"1":[0,0],"2":[0,0],"3":[0,0],"4":[0,0],"5":[0,0],"6":[0,0],"7":[0,0],"8":[0,0],"9":[0,0]}}
,"/home/mulyawan/Project/Admin/NodeAdmin/src/modules/access/http/controllers/api/v1/UserController.ts": {"path":"/home/mulyawan/Project/Admin/NodeAdmin/src/modules/access/http/controllers/api/v1/UserController.ts","statementMap":{"0":{"start":{"line":2,"column":0},"end":{"line":2,"column":58}},"1":{"start":{"line":3,"column":0},"end":{"line":3,"column":63}},"2":{"start":{"line":6,"column":12},"end":{"line":6,"column":null}},"3":{"start":{"line":9,"column":23},"end":{"line":9,"column":32}},"4":{"start":{"line":10,"column":48},"end":{"line":10,"column":84}},"5":{"start":{"line":11,"column":8},"end":{"line":11,"column":null}},"6":{"start":{"line":15,"column":8},"end":{"line":24,"column":9}},"7":{"start":{"line":16,"column":12},"end":{"line":16,"column":null}},"8":{"start":{"line":17,"column":27},"end":{"line":17,"column":75}},"9":{"start":{"line":18,"column":12},"end":{"line":20,"column":13}},"10":{"start":{"line":19,"column":16},"end":{"line":19,"column":null}},"11":{"start":{"line":21,"column":12},"end":{"line":21,"column":null}},"12":{"start":{"line":23,"column":12},"end":{"line":23,"column":null}},"13":{"start":{"line":28,"column":23},"end":{"line":28,"column":65}},"14":{"start":{"line":29,"column":32},"end":{"line":29,"column":38}},"15":{"start":{"line":30,"column":8},"end":{"line":30,"column":null}},"16":{"start":{"line":34,"column":8},"end":{"line":43,"column":9}},"17":{"start":{"line":35,"column":12},"end":{"line":35,"column":null}},"18":{"start":{"line":36,"column":27},"end":{"line":36,"column":92}},"19":{"start":{"line":37,"column":12},"end":{"line":39,"column":13}},"20":{"start":{"line":38,"column":16},"end":{"line":38,"column":null}},"21":{"start":{"line":40,"column":12},"end":{"line":40,"column":null}},"22":{"start":{"line":42,"column":12},"end":{"line":42,"column":null}},"23":{"start":{"line":47,"column":23},"end":{"line":47,"column":67}},"24":{"start":{"line":48,"column":8},"end":{"line":50,"column":9}},"25":{"start":{"line":49,"column":12},"end":{"line":49,"column":null}},"26":{"start":{"line":51,"column":8},"end":{"line":51,"column":null}},"27":{"start":{"line":55,"column":8},"end":{"line":55,"column":null}},"28":{"start":{"line":55,"column":64},"end":{"line":55,"column":91}},"29":{"start":{"line":56,"column":8},"end":{"line":56,"column":null}},"30":{"start":{"line":5,"column":0},"end":{"line":5,"column":21}}},"fnMap":{"0":{"name":"(anonymous_1)","decl":{"start":{"line":5,"column":0},"end":{"line":5,"column":21}},"loc":{"start":{"line":5,"column":0},"end":{"line":58,"column":1}}},"1":{"name":"(anonymous_2)","decl":{"start":{"line":8,"column":11},"end":{"line":8,"column":16}},"loc":{"start":{"line":8,"column":50},"end":{"line":12,"column":5}}},"2":{"name":"(anonymous_3)","decl":{"start":{"line":14,"column":11},"end":{"line":14,"column":16}},"loc":{"start":{"line":14,"column":50},"end":{"line":25,"column":5}}},"3":{"name":"(anonymous_4)","decl":{"start":{"line":27,"column":11},"end":{"line":27,"column":16}},"loc":{"start":{"line":27,"column":49},"end":{"line":31,"column":5}}},"4":{"name":"(anonymous_5)","decl":{"start":{"line":33,"column":11},"end":{"line":33,"column":16}},"loc":{"start":{"line":33,"column":51},"end":{"line":44,"column":5}}},"5":{"name":"(anonymous_6)","decl":{"start":{"line":46,"column":11},"end":{"line":46,"column":16}},"loc":{"start":{"line":46,"column":51},"end":{"line":52,"column":5}}},"6":{"name":"(anonymous_7)","decl":{"start":{"line":54,"column":11},"end":{"line":54,"column":16}},"loc":{"start":{"line":54,"column":60},"end":{"line":57,"column":5}}},"7":{"name":"(anonymous_8)","decl":{"start":{"line":55,"column":48},"end":{"line":55,"column":49}},"loc":{"start":{"line":55,"column":64},"end":{"line":55,"column":91}}}},"branchMap":{"0":{"loc":{"start":{"line":16,"column":31},"end":{"line":16,"column":65}},"type":"cond-expr","locations":[{"start":{"line":16,"column":53},"end":{"line":16,"column":58}},{"start":{"line":16,"column":61},"end":{"line":16,"column":65}}]},"1":{"loc":{"start":{"line":18,"column":12},"end":{"line":20,"column":13}},"type":"if","locations":[{"start":{"line":18,"column":12},"end":{"line":20,"column":13}},{"start":{},"end":{}}]},"2":{"loc":{"start":{"line":35,"column":31},"end":{"line":35,"column":65}},"type":"cond-expr","locations":[{"start":{"line":35,"column":53},"end":{"line":35,"column":58}},{"start":{"line":35,"column":61},"end":{"line":35,"column":65}}]},"3":{"loc":{"start":{"line":37,"column":12},"end":{"line":39,"column":13}},"type":"if","locations":[{"start":{"line":37,"column":12},"end":{"line":39,"column":13}},{"start":{},"end":{}}]},"4":{"loc":{"start":{"line":48,"column":8},"end":{"line":50,"column":9}},"type":"if","locations":[{"start":{"line":48,"column":8},"end":{"line":50,"column":9}},{"start":{},"end":{}}]}},"s":{"0":5,"1":5,"2":5,"3":0,"4":0,"5":0,"6":0,"7":0,"8":0,"9":0,"10":0,"11":0,"12":0,"13":0,"14":0,"15":0,"16":0,"17":0,"18":0,"19":0,"20":0,"21":0,"22":0,"23":0,"24":0,"25":0,"26":0,"27":0,"28":0,"29":0,"30":5},"f":{"0":5,"1":0,"2":0,"3":0,"4":0,"5":0,"6":0,"7":0},"b":{"0":[0,0],"1":[0,0],"2":[0,0],"3":[0,0],"4":[0,0]}}
,"/home/mulyawan/Project/Admin/NodeAdmin/src/modules/access/http/controllers/web/v1/PermissionController.ts": {"path":"/home/mulyawan/Project/Admin/NodeAdmin/src/modules/access/http/controllers/web/v1/PermissionController.ts","statementMap":{"0":{"start":{"line":2,"column":0},"end":{"line":2,"column":23}},"1":{"start":{"line":3,"column":0},"end":{"line":3,"column":39}},"2":{"start":{"line":4,"column":0},"end":{"line":4,"column":70}},"3":{"start":{"line":5,"column":0},"end":{"line":5,"column":52}},"4":{"start":{"line":6,"column":0},"end":{"line":6,"column":45}},"5":{"start":{"line":7,"column":0},"end":{"line":7,"column":52}},"6":{"start":{"line":10,"column":12},"end":{"line":10,"column":null}},"7":{"start":{"line":13,"column":2},"end":{"line":13,"column":null}},"8":{"start":{"line":14,"column":23},"end":{"line":14,"column":32}},"9":{"start":{"line":15,"column":38},"end":{"line":15,"column":80}},"10":{"start":{"line":16,"column":8},"end":{"line":21,"column":null}},"11":{"start":{"line":25,"column":8},"end":{"line":27,"column":null}},"12":{"start":{"line":31,"column":8},"end":{"line":51,"column":9}},"13":{"start":{"line":32,"column":12},"end":{"line":34,"column":13}},"14":{"start":{"line":33,"column":16},"end":{"line":33,"column":null}},"15":{"start":{"line":35,"column":27},"end":{"line":35,"column":48}},"16":{"start":{"line":36,"column":12},"end":{"line":40,"column":13}},"17":{"start":{"line":37,"column":16},"end":{"line":37,"column":null}},"18":{"start":{"line":38,"column":16},"end":{"line":38,"column":null}},"19":{"start":{"line":39,"column":16},"end":{"line":39,"column":null}},"20":{"start":{"line":41,"column":27},"end":{"line":41,"column":71}},"21":{"start":{"line":42,"column":12},"end":{"line":44,"column":13}},"22":{"start":{"line":43,"column":16},"end":{"line":43,"column":null}},"23":{"start":{"line":45,"column":12},"end":{"line":45,"column":null}},"24":{"start":{"line":46,"column":12},"end":{"line":46,"column":null}},"25":{"start":{"line":48,"column":12},"end":{"line":48,"column":null}},"26":{"start":{"line":49,"column":12},"end":{"line":49,"column":null}},"27":{"start":{"line":50,"column":12},"end":{"line":50,"column":null}},"28":{"start":{"line":55,"column":23},"end":{"line":55,"column":71}},"29":{"start":{"line":56,"column":21},"end":{"line":56,"column":27}},"30":{"start":{"line":57,"column":8},"end":{"line":60,"column":null}},"31":{"start":{"line":64,"column":8},"end":{"line":79,"column":9}},"32":{"start":{"line":65,"column":27},"end":{"line":65,"column":48}},"33":{"start":{"line":66,"column":12},"end":{"line":69,"column":13}},"34":{"start":{"line":67,"column":16},"end":{"line":67,"column":null}},"35":{"start":{"line":68,"column":16},"end":{"line":68,"column":null}},"36":{"start":{"line":70,"column":27},"end":{"line":70,"column":87}},"37":{"start":{"line":71,"column":12},"end":{"line":73,"column":13}},"38":{"start":{"line":72,"column":16},"end":{"line":72,"column":null}},"39":{"start":{"line":74,"column":12},"end":{"line":74,"column":null}},"40":{"start":{"line":75,"column":12},"end":{"line":75,"column":null}},"41":{"start":{"line":77,"column":12},"end":{"line":77,"column":null}},"42":{"start":{"line":78,"column":12},"end":{"line":78,"column":null}},"43":{"start":{"line":83,"column":23},"end":{"line":83,"column":73}},"44":{"start":{"line":84,"column":8},"end":{"line":87,"column":9}},"45":{"start":{"line":85,"column":12},"end":{"line":85,"column":null}},"46":{"start":{"line":86,"column":12},"end":{"line":86,"column":null}},"47":{"start":{"line":88,"column":8},"end":{"line":88,"column":null}},"48":{"start":{"line":89,"column":8},"end":{"line":89,"column":null}},"49":{"start":{"line":93,"column":8},"end":{"line":93,"column":null}},"50":{"start":{"line":93,"column":64},"end":{"line":93,"column":97}},"51":{"start":{"line":94,"column":8},"end":{"line":94,"column":null}},"52":{"start":{"line":95,"column":8},"end":{"line":95,"column":null}},"53":{"start":{"line":9,"column":0},"end":{"line":9,"column":21}}},"fnMap":{"0":{"name":"(anonymous_1)","decl":{"start":{"line":9,"column":0},"end":{"line":9,"column":21}},"loc":{"start":{"line":9,"column":0},"end":{"line":97,"column":1}}},"1":{"name":"(anonymous_2)","decl":{"start":{"line":12,"column":11},"end":{"line":12,"column":16}},"loc":{"start":{"line":12,"column":50},"end":{"line":22,"column":5}}},"2":{"name":"(anonymous_3)","decl":{"start":{"line":24,"column":11},"end":{"line":24,"column":16}},"loc":{"start":{"line":24,"column":51},"end":{"line":28,"column":5}}},"3":{"name":"(anonymous_4)","decl":{"start":{"line":30,"column":11},"end":{"line":30,"column":16}},"loc":{"start":{"line":30,"column":50},"end":{"line":52,"column":5}}},"4":{"name":"(anonymous_5)","decl":{"start":{"line":54,"column":11},"end":{"line":54,"column":16}},"loc":{"start":{"line":54,"column":49},"end":{"line":61,"column":5}}},"5":{"name":"(anonymous_6)","decl":{"start":{"line":63,"column":11},"end":{"line":63,"column":16}},"loc":{"start":{"line":63,"column":51},"end":{"line":80,"column":5}}},"6":{"name":"(anonymous_7)","decl":{"start":{"line":82,"column":11},"end":{"line":82,"column":16}},"loc":{"start":{"line":82,"column":51},"end":{"line":90,"column":5}}},"7":{"name":"(anonymous_8)","decl":{"start":{"line":92,"column":11},"end":{"line":92,"column":16}},"loc":{"start":{"line":92,"column":60},"end":{"line":96,"column":5}}},"8":{"name":"(anonymous_9)","decl":{"start":{"line":93,"column":48},"end":{"line":93,"column":49}},"loc":{"start":{"line":93,"column":64},"end":{"line":93,"column":97}}}},"branchMap":{"0":{"loc":{"start":{"line":32,"column":12},"end":{"line":34,"column":13}},"type":"if","locations":[{"start":{"line":32,"column":12},"end":{"line":34,"column":13}},{"start":{},"end":{}}]},"1":{"loc":{"start":{"line":36,"column":12},"end":{"line":40,"column":13}},"type":"if","locations":[{"start":{"line":36,"column":12},"end":{"line":40,"column":13}},{"start":{},"end":{}}]},"2":{"loc":{"start":{"line":42,"column":12},"end":{"line":44,"column":13}},"type":"if","locations":[{"start":{"line":42,"column":12},"end":{"line":44,"column":13}},{"start":{},"end":{}}]},"3":{"loc":{"start":{"line":66,"column":12},"end":{"line":69,"column":13}},"type":"if","locations":[{"start":{"line":66,"column":12},"end":{"line":69,"column":13}},{"start":{},"end":{}}]},"4":{"loc":{"start":{"line":71,"column":12},"end":{"line":73,"column":13}},"type":"if","locations":[{"start":{"line":71,"column":12},"end":{"line":73,"column":13}},{"start":{},"end":{}}]},"5":{"loc":{"start":{"line":84,"column":8},"end":{"line":87,"column":9}},"type":"if","locations":[{"start":{"line":84,"column":8},"end":{"line":87,"column":9}},{"start":{},"end":{}}]}},"s":{"0":5,"1":5,"2":5,"3":5,"4":5,"5":5,"6":5,"7":0,"8":0,"9":0,"10":0,"11":0,"12":0,"13":0,"14":0,"15":0,"16":0,"17":0,"18":0,"19":0,"20":0,"21":0,"22":0,"23":0,"24":0,"25":0,"26":0,"27":0,"28":0,"29":0,"30":0,"31":0,"32":0,"33":0,"34":0,"35":0,"36":0,"37":0,"38":0,"39":0,"40":0,"41":0,"42":0,"43":0,"44":0,"45":0,"46":0,"47":0,"48":0,"49":0,"50":0,"51":0,"52":0,"53":5},"f":{"0":5,"1":0,"2":0,"3":0,"4":0,"5":0,"6":0,"7":0,"8":0},"b":{"0":[0,0],"1":[0,0],"2":[0,0],"3":[0,0],"4":[0,0],"5":[0,0]}}
,"/home/mulyawan/Project/Admin/NodeAdmin/src/modules/access/http/controllers/web/v1/RoleController.ts": {"path":"/home/mulyawan/Project/Admin/NodeAdmin/src/modules/access/http/controllers/web/v1/RoleController.ts","statementMap":{"0":{"start":{"line":2,"column":0},"end":{"line":2,"column":23}},"1":{"start":{"line":3,"column":0},"end":{"line":3,"column":39}},"2":{"start":{"line":4,"column":0},"end":{"line":4,"column":52}},"3":{"start":{"line":5,"column":0},"end":{"line":5,"column":58}},"4":{"start":{"line":6,"column":0},"end":{"line":6,"column":52}},"5":{"start":{"line":9,"column":9},"end":{"line":9,"column":null}},"6":{"start":{"line":12,"column":23},"end":{"line":12,"column":32}},"7":{"start":{"line":13,"column":38},"end":{"line":13,"column":74}},"8":{"start":{"line":14,"column":8},"end":{"line":19,"column":null}},"9":{"start":{"line":23,"column":8},"end":{"line":25,"column":null}},"10":{"start":{"line":29,"column":8},"end":{"line":49,"column":9}},"11":{"start":{"line":30,"column":12},"end":{"line":32,"column":13}},"12":{"start":{"line":31,"column":16},"end":{"line":31,"column":null}},"13":{"start":{"line":33,"column":27},"end":{"line":33,"column":48}},"14":{"start":{"line":34,"column":12},"end":{"line":38,"column":13}},"15":{"start":{"line":35,"column":16},"end":{"line":35,"column":null}},"16":{"start":{"line":36,"column":16},"end":{"line":36,"column":null}},"17":{"start":{"line":37,"column":16},"end":{"line":37,"column":null}},"18":{"start":{"line":39,"column":27},"end":{"line":39,"column":65}},"19":{"start":{"line":40,"column":12},"end":{"line":42,"column":13}},"20":{"start":{"line":41,"column":16},"end":{"line":41,"column":null}},"21":{"start":{"line":43,"column":12},"end":{"line":43,"column":null}},"22":{"start":{"line":44,"column":12},"end":{"line":44,"column":null}},"23":{"start":{"line":46,"column":12},"end":{"line":46,"column":null}},"24":{"start":{"line":47,"column":12},"end":{"line":47,"column":null}},"25":{"start":{"line":48,"column":12},"end":{"line":48,"column":null}},"26":{"start":{"line":53,"column":23},"end":{"line":53,"column":65}},"27":{"start":{"line":54,"column":21},"end":{"line":54,"column":27}},"28":{"start":{"line":55,"column":8},"end":{"line":58,"column":null}},"29":{"start":{"line":62,"column":8},"end":{"line":77,"column":9}},"30":{"start":{"line":63,"column":27},"end":{"line":63,"column":48}},"31":{"start":{"line":64,"column":12},"end":{"line":67,"column":13}},"32":{"start":{"line":65,"column":16},"end":{"line":65,"column":null}},"33":{"start":{"line":66,"column":16},"end":{"line":66,"column":null}},"34":{"start":{"line":68,"column":27},"end":{"line":68,"column":81}},"35":{"start":{"line":69,"column":12},"end":{"line":71,"column":13}},"36":{"start":{"line":70,"column":16},"end":{"line":70,"column":null}},"37":{"start":{"line":72,"column":12},"end":{"line":72,"column":null}},"38":{"start":{"line":73,"column":12},"end":{"line":73,"column":null}},"39":{"start":{"line":75,"column":12},"end":{"line":75,"column":null}},"40":{"start":{"line":76,"column":12},"end":{"line":76,"column":null}},"41":{"start":{"line":81,"column":23},"end":{"line":81,"column":67}},"42":{"start":{"line":82,"column":8},"end":{"line":85,"column":9}},"43":{"start":{"line":83,"column":12},"end":{"line":83,"column":null}},"44":{"start":{"line":84,"column":12},"end":{"line":84,"column":null}},"45":{"start":{"line":86,"column":8},"end":{"line":86,"column":null}},"46":{"start":{"line":87,"column":8},"end":{"line":87,"column":null}},"47":{"start":{"line":91,"column":8},"end":{"line":91,"column":null}},"48":{"start":{"line":91,"column":64},"end":{"line":91,"column":91}},"49":{"start":{"line":92,"column":8},"end":{"line":92,"column":null}},"50":{"start":{"line":93,"column":8},"end":{"line":93,"column":null}},"51":{"start":{"line":97,"column":23},"end":{"line":97,"column":32}},"52":{"start":{"line":98,"column":47},"end":{"line":98,"column":102}},"53":{"start":{"line":99,"column":8},"end":{"line":105,"column":null}},"54":{"start":{"line":109,"column":8},"end":{"line":119,"column":9}},"55":{"start":{"line":110,"column":27},"end":{"line":110,"column":108}},"56":{"start":{"line":111,"column":12},"end":{"line":113,"column":13}},"57":{"start":{"line":112,"column":16},"end":{"line":112,"column":null}},"58":{"start":{"line":114,"column":12},"end":{"line":114,"column":null}},"59":{"start":{"line":115,"column":12},"end":{"line":115,"column":null}},"60":{"start":{"line":117,"column":12},"end":{"line":117,"column":null}},"61":{"start":{"line":118,"column":12},"end":{"line":118,"column":null}},"62":{"start":{"line":123,"column":8},"end":{"line":133,"column":9}},"63":{"start":{"line":124,"column":27},"end":{"line":124,"column":110}},"64":{"start":{"line":125,"column":12},"end":{"line":127,"column":13}},"65":{"start":{"line":126,"column":16},"end":{"line":126,"column":null}},"66":{"start":{"line":128,"column":12},"end":{"line":128,"column":null}},"67":{"start":{"line":129,"column":12},"end":{"line":129,"column":null}},"68":{"start":{"line":131,"column":12},"end":{"line":131,"column":null}},"69":{"start":{"line":132,"column":12},"end":{"line":132,"column":null}},"70":{"start":{"line":137,"column":8},"end":{"line":147,"column":9}},"71":{"start":{"line":138,"column":27},"end":{"line":138,"column":110}},"72":{"start":{"line":139,"column":12},"end":{"line":141,"column":13}},"73":{"start":{"line":140,"column":16},"end":{"line":140,"column":null}},"74":{"start":{"line":142,"column":12},"end":{"line":142,"column":null}},"75":{"start":{"line":143,"column":12},"end":{"line":143,"column":null}},"76":{"start":{"line":145,"column":12},"end":{"line":145,"column":null}},"77":{"start":{"line":146,"column":12},"end":{"line":146,"column":null}},"78":{"start":{"line":151,"column":8},"end":{"line":161,"column":9}},"79":{"start":{"line":152,"column":27},"end":{"line":152,"column":112}},"80":{"start":{"line":153,"column":12},"end":{"line":155,"column":13}},"81":{"start":{"line":154,"column":16},"end":{"line":154,"column":null}},"82":{"start":{"line":156,"column":12},"end":{"line":156,"column":null}},"83":{"start":{"line":157,"column":12},"end":{"line":157,"column":null}},"84":{"start":{"line":159,"column":12},"end":{"line":159,"column":null}},"85":{"start":{"line":160,"column":12},"end":{"line":160,"column":null}},"86":{"start":{"line":8,"column":0},"end":{"line":8,"column":21}}},"fnMap":{"0":{"name":"(anonymous_1)","decl":{"start":{"line":8,"column":0},"end":{"line":8,"column":21}},"loc":{"start":{"line":8,"column":0},"end":{"line":163,"column":1}}},"1":{"name":"(anonymous_2)","decl":{"start":{"line":11,"column":11},"end":{"line":11,"column":16}},"loc":{"start":{"line":11,"column":50},"end":{"line":20,"column":5}}},"2":{"name":"(anonymous_3)","decl":{"start":{"line":22,"column":11},"end":{"line":22,"column":16}},"loc":{"start":{"line":22,"column":51},"end":{"line":26,"column":5}}},"3":{"name":"(anonymous_4)","decl":{"start":{"line":28,"column":11},"end":{"line":28,"column":16}},"loc":{"start":{"line":28,"column":50},"end":{"line":50,"column":5}}},"4":{"name":"(anonymous_5)","decl":{"start":{"line":52,"column":11},"end":{"line":52,"column":16}},"loc":{"start":{"line":52,"column":49},"end":{"line":59,"column":5}}},"5":{"name":"(anonymous_6)","decl":{"start":{"line":61,"column":11},"end":{"line":61,"column":16}},"loc":{"start":{"line":61,"column":51},"end":{"line":78,"column":5}}},"6":{"name":"(anonymous_7)","decl":{"start":{"line":80,"column":11},"end":{"line":80,"column":16}},"loc":{"start":{"line":80,"column":51},"end":{"line":88,"column":5}}},"7":{"name":"(anonymous_8)","decl":{"start":{"line":90,"column":11},"end":{"line":90,"column":16}},"loc":{"start":{"line":90,"column":60},"end":{"line":94,"column":5}}},"8":{"name":"(anonymous_9)","decl":{"start":{"line":91,"column":48},"end":{"line":91,"column":49}},"loc":{"start":{"line":91,"column":64},"end":{"line":91,"column":91}}},"9":{"name":"(anonymous_10)","decl":{"start":{"line":96,"column":11},"end":{"line":96,"column":16}},"loc":{"start":{"line":96,"column":55},"end":{"line":106,"column":5}}},"10":{"name":"(anonymous_11)","decl":{"start":{"line":108,"column":11},"end":{"line":108,"column":16}},"loc":{"start":{"line":108,"column":62},"end":{"line":120,"column":5}}},"11":{"name":"(anonymous_12)","decl":{"start":{"line":122,"column":11},"end":{"line":122,"column":16}},"loc":{"start":{"line":122,"column":71},"end":{"line":134,"column":5}}},"12":{"name":"(anonymous_13)","decl":{"start":{"line":136,"column":11},"end":{"line":136,"column":16}},"loc":{"start":{"line":136,"column":64},"end":{"line":148,"column":5}}},"13":{"name":"(anonymous_14)","decl":{"start":{"line":150,"column":11},"end":{"line":150,"column":16}},"loc":{"start":{"line":150,"column":73},"end":{"line":162,"column":5}}}},"branchMap":{"0":{"loc":{"start":{"line":30,"column":12},"end":{"line":32,"column":13}},"type":"if","locations":[{"start":{"line":30,"column":12},"end":{"line":32,"column":13}},{"start":{},"end":{}}]},"1":{"loc":{"start":{"line":34,"column":12},"end":{"line":38,"column":13}},"type":"if","locations":[{"start":{"line":34,"column":12},"end":{"line":38,"column":13}},{"start":{},"end":{}}]},"2":{"loc":{"start":{"line":40,"column":12},"end":{"line":42,"column":13}},"type":"if","locations":[{"start":{"line":40,"column":12},"end":{"line":42,"column":13}},{"start":{},"end":{}}]},"3":{"loc":{"start":{"line":64,"column":12},"end":{"line":67,"column":13}},"type":"if","locations":[{"start":{"line":64,"column":12},"end":{"line":67,"column":13}},{"start":{},"end":{}}]},"4":{"loc":{"start":{"line":69,"column":12},"end":{"line":71,"column":13}},"type":"if","locations":[{"start":{"line":69,"column":12},"end":{"line":71,"column":13}},{"start":{},"end":{}}]},"5":{"loc":{"start":{"line":82,"column":8},"end":{"line":85,"column":9}},"type":"if","locations":[{"start":{"line":82,"column":8},"end":{"line":85,"column":9}},{"start":{},"end":{}}]},"6":{"loc":{"start":{"line":111,"column":12},"end":{"line":113,"column":13}},"type":"if","locations":[{"start":{"line":111,"column":12},"end":{"line":113,"column":13}},{"start":{},"end":{}}]},"7":{"loc":{"start":{"line":125,"column":12},"end":{"line":127,"column":13}},"type":"if","locations":[{"start":{"line":125,"column":12},"end":{"line":127,"column":13}},{"start":{},"end":{}}]},"8":{"loc":{"start":{"line":139,"column":12},"end":{"line":141,"column":13}},"type":"if","locations":[{"start":{"line":139,"column":12},"end":{"line":141,"column":13}},{"start":{},"end":{}}]},"9":{"loc":{"start":{"line":153,"column":12},"end":{"line":155,"column":13}},"type":"if","locations":[{"start":{"line":153,"column":12},"end":{"line":155,"column":13}},{"start":{},"end":{}}]}},"s":{"0":5,"1":5,"2":5,"3":5,"4":5,"5":5,"6":0,"7":0,"8":0,"9":0,"10":0,"11":0,"12":0,"13":0,"14":0,"15":0,"16":0,"17":0,"18":0,"19":0,"20":0,"21":0,"22":0,"23":0,"24":0,"25":0,"26":0,"27":0,"28":0,"29":0,"30":0,"31":0,"32":0,"33":0,"34":0,"35":0,"36":0,"37":0,"38":0,"39":0,"40":0,"41":0,"42":0,"43":0,"44":0,"45":0,"46":0,"47":0,"48":0,"49":0,"50":0,"51":0,"52":0,"53":0,"54":0,"55":0,"56":0,"57":0,"58":0,"59":0,"60":0,"61":0,"62":0,"63":0,"64":0,"65":0,"66":0,"67":0,"68":0,"69":0,"70":0,"71":0,"72":0,"73":0,"74":0,"75":0,"76":0,"77":0,"78":0,"79":0,"80":0,"81":0,"82":0,"83":0,"84":0,"85":0,"86":5},"f":{"0":5,"1":0,"2":0,"3":0,"4":0,"5":0,"6":0,"7":0,"8":0,"9":0,"10":0,"11":0,"12":0,"13":0},"b":{"0":[0,0],"1":[0,0],"2":[0,0],"3":[0,0],"4":[0,0],"5":[0,0],"6":[0,0],"7":[0,0],"8":[0,0],"9":[0,0]}}
,"/home/mulyawan/Project/Admin/NodeAdmin/src/modules/access/http/controllers/web/v1/UserController.ts": {"path":"/home/mulyawan/Project/Admin/NodeAdmin/src/modules/access/http/controllers/web/v1/UserController.ts","statementMap":{"0":{"start":{"line":2,"column":0},"end":{"line":2,"column":23}},"1":{"start":{"line":3,"column":0},"end":{"line":3,"column":39}},"2":{"start":{"line":4,"column":0},"end":{"line":4,"column":64}},"3":{"start":{"line":5,"column":0},"end":{"line":5,"column":58}},"4":{"start":{"line":6,"column":0},"end":{"line":6,"column":52}},"5":{"start":{"line":9,"column":12},"end":{"line":9,"column":null}},"6":{"start":{"line":12,"column":23},"end":{"line":12,"column":32}},"7":{"start":{"line":13,"column":48},"end":{"line":13,"column":84}},"8":{"start":{"line":14,"column":8},"end":{"line":20,"column":null}},"9":{"start":{"line":24,"column":22},"end":{"line":24,"column":53}},"10":{"start":{"line":25,"column":26},"end":{"line":25,"column":40}},"11":{"start":{"line":26,"column":8},"end":{"line":30,"column":null}},"12":{"start":{"line":34,"column":8},"end":{"line":45,"column":9}},"13":{"start":{"line":35,"column":12},"end":{"line":35,"column":null}},"14":{"start":{"line":36,"column":27},"end":{"line":36,"column":75}},"15":{"start":{"line":37,"column":12},"end":{"line":39,"column":13}},"16":{"start":{"line":38,"column":16},"end":{"line":38,"column":null}},"17":{"start":{"line":40,"column":12},"end":{"line":40,"column":null}},"18":{"start":{"line":41,"column":12},"end":{"line":41,"column":null}},"19":{"start":{"line":43,"column":12},"end":{"line":43,"column":null}},"20":{"start":{"line":44,"column":12},"end":{"line":44,"column":null}},"21":{"start":{"line":49,"column":23},"end":{"line":49,"column":65}},"22":{"start":{"line":50,"column":32},"end":{"line":50,"column":38}},"23":{"start":{"line":51,"column":26},"end":{"line":51,"column":40}},"24":{"start":{"line":52,"column":8},"end":{"line":57,"column":null}},"25":{"start":{"line":61,"column":8},"end":{"line":72,"column":9}},"26":{"start":{"line":62,"column":12},"end":{"line":62,"column":null}},"27":{"start":{"line":63,"column":27},"end":{"line":63,"column":92}},"28":{"start":{"line":64,"column":12},"end":{"line":66,"column":13}},"29":{"start":{"line":65,"column":16},"end":{"line":65,"column":null}},"30":{"start":{"line":67,"column":12},"end":{"line":67,"column":null}},"31":{"start":{"line":68,"column":12},"end":{"line":68,"column":null}},"32":{"start":{"line":70,"column":12},"end":{"line":70,"column":null}},"33":{"start":{"line":71,"column":12},"end":{"line":71,"column":null}},"34":{"start":{"line":76,"column":23},"end":{"line":76,"column":67}},"35":{"start":{"line":77,"column":8},"end":{"line":80,"column":9}},"36":{"start":{"line":78,"column":12},"end":{"line":78,"column":null}},"37":{"start":{"line":79,"column":12},"end":{"line":79,"column":null}},"38":{"start":{"line":81,"column":8},"end":{"line":81,"column":null}},"39":{"start":{"line":82,"column":8},"end":{"line":82,"column":null}},"40":{"start":{"line":86,"column":8},"end":{"line":86,"column":null}},"41":{"start":{"line":86,"column":64},"end":{"line":86,"column":91}},"42":{"start":{"line":87,"column":8},"end":{"line":87,"column":null}},"43":{"start":{"line":88,"column":8},"end":{"line":88,"column":null}},"44":{"start":{"line":8,"column":0},"end":{"line":8,"column":21}}},"fnMap":{"0":{"name":"(anonymous_1)","decl":{"start":{"line":8,"column":0},"end":{"line":8,"column":21}},"loc":{"start":{"line":8,"column":0},"end":{"line":90,"column":1}}},"1":{"name":"(anonymous_2)","decl":{"start":{"line":11,"column":11},"end":{"line":11,"column":16}},"loc":{"start":{"line":11,"column":50},"end":{"line":21,"column":5}}},"2":{"name":"(anonymous_3)","decl":{"start":{"line":23,"column":11},"end":{"line":23,"column":16}},"loc":{"start":{"line":23,"column":51},"end":{"line":31,"column":5}}},"3":{"name":"(anonymous_4)","decl":{"start":{"line":33,"column":11},"end":{"line":33,"column":16}},"loc":{"start":{"line":33,"column":50},"end":{"line":46,"column":5}}},"4":{"name":"(anonymous_5)","decl":{"start":{"line":48,"column":11},"end":{"line":48,"column":16}},"loc":{"start":{"line":48,"column":49},"end":{"line":58,"column":5}}},"5":{"name":"(anonymous_6)","decl":{"start":{"line":60,"column":11},"end":{"line":60,"column":16}},"loc":{"start":{"line":60,"column":51},"end":{"line":73,"column":5}}},"6":{"name":"(anonymous_7)","decl":{"start":{"line":75,"column":11},"end":{"line":75,"column":16}},"loc":{"start":{"line":75,"column":51},"end":{"line":83,"column":5}}},"7":{"name":"(anonymous_8)","decl":{"start":{"line":85,"column":11},"end":{"line":85,"column":16}},"loc":{"start":{"line":85,"column":60},"end":{"line":89,"column":5}}},"8":{"name":"(anonymous_9)","decl":{"start":{"line":86,"column":48},"end":{"line":86,"column":49}},"loc":{"start":{"line":86,"column":64},"end":{"line":86,"column":91}}}},"branchMap":{"0":{"loc":{"start":{"line":35,"column":31},"end":{"line":35,"column":65}},"type":"cond-expr","locations":[{"start":{"line":35,"column":53},"end":{"line":35,"column":58}},{"start":{"line":35,"column":61},"end":{"line":35,"column":65}}]},"1":{"loc":{"start":{"line":37,"column":12},"end":{"line":39,"column":13}},"type":"if","locations":[{"start":{"line":37,"column":12},"end":{"line":39,"column":13}},{"start":{},"end":{}}]},"2":{"loc":{"start":{"line":62,"column":31},"end":{"line":62,"column":65}},"type":"cond-expr","locations":[{"start":{"line":62,"column":53},"end":{"line":62,"column":58}},{"start":{"line":62,"column":61},"end":{"line":62,"column":65}}]},"3":{"loc":{"start":{"line":64,"column":12},"end":{"line":66,"column":13}},"type":"if","locations":[{"start":{"line":64,"column":12},"end":{"line":66,"column":13}},{"start":{},"end":{}}]},"4":{"loc":{"start":{"line":77,"column":8},"end":{"line":80,"column":9}},"type":"if","locations":[{"start":{"line":77,"column":8},"end":{"line":80,"column":9}},{"start":{},"end":{}}]}},"s":{"0":5,"1":5,"2":5,"3":5,"4":5,"5":5,"6":1,"7":1,"8":1,"9":2,"10":2,"11":2,"12":1,"13":1,"14":1,"15":1,"16":0,"17":1,"18":1,"19":0,"20":0,"21":0,"22":0,"23":0,"24":0,"25":0,"26":0,"27":0,"28":0,"29":0,"30":0,"31":0,"32":0,"33":0,"34":0,"35":0,"36":0,"37":0,"38":0,"39":0,"40":0,"41":0,"42":0,"43":0,"44":5},"f":{"0":5,"1":1,"2":2,"3":1,"4":0,"5":0,"6":0,"7":0,"8":0},"b":{"0":[1,0],"1":[0,1],"2":[0,0],"3":[0,0],"4":[0,0]}}
[...]
,"/home/mulyawan/Project/Admin/NodeAdmin/src/services/fileService.ts": {"path":"/home/mulyawan/Project/Admin/NodeAdmin/src/services/fileService.ts","statementMap":{"0":{"start":{"line":1,"column":0},"end":{"line":1,"column":23}},"1":{"start":{"line":2,"column":0},"end":{"line":2,"column":52}},"2":{"start":{"line":3,"column":0},"end":{"line":3,"column":25}},"3":{"start":{"line":7,"column":8},"end":{"line":41,"column":9}},"4":{"start":{"line":8,"column":24},"end":{"line":8,"column":77}},"5":{"start":{"line":9,"column":29},"end":{"line":9,"column":76}},"6":{"start":{"line":13,"column":28},"end":{"line":13,"column":80}},"7":{"start":{"line":14,"column":12},"end":{"line":16,"column":13}},"8":{"start":{"line":15,"column":16},"end":{"line":15,"column":null}},"9":{"start":{"line":17,"column":25},"end":{"line":17,"column":60}},"10":{"start":{"line":18,"column":12},"end":{"line":20,"column":13}},"11":{"start":{"line":19,"column":16},"end":{"line":19,"column":null}},"12":{"start":{"line":22,"column":34},"end":{"line":22,"column":85}},"13":{"start":{"line":23,"column":30},"end":{"line":23,"column":41}},"14":{"start":{"line":24,"column":28},"end":{"line":24,"column":36}},"15":{"start":{"line":26,"column":12},"end":{"line":29,"column":13}},"16":{"start":{"line":27,"column":16},"end":{"line":27,"column":null}},"17":{"start":{"line":28,"column":16},"end":{"line":28,"column":null}},"18":{"start":{"line":31,"column":39},"end":{"line":31,"column":41}},"19":{"start":{"line":32,"column":12},"end":{"line":34,"column":13}},"20":{"start":{"line":33,"column":16},"end":{"line":33,"column":null}},"21":{"start":{"line":36,"column":12},"end":{"line":36,"column":null}},"22":{"start":{"line":37,"column":12},"end":{"line":37,"column":null}},"23":{"start":{"line":39,"column":12},"end":{"line":39,"column":null}},"24":{"start":{"line":40,"column":12},"end":{"line":40,"column":null}},"25":{"start":{"line":45,"column":8},"end":{"line":49,"column":9}},"26":{"start":{"line":46,"column":49},"end":{"line":46,"column":58}},"27":{"start":{"line":47,"column":29},"end":{"line":47,"column":54}},"28":{"start":{"line":48,"column":12},"end":{"line":48,"column":null}},"29":{"start":{"line":52,"column":8},"end":{"line":52,"column":null}},"30":{"start":{"line":56,"column":8},"end":{"line":61,"column":9}},"31":{"start":{"line":57,"column":27},"end":{"line":57,"column":53}},"32":{"start":{"line":58,"column":12},"end":{"line":58,"column":null}},"33":{"start":{"line":60,"column":12},"end":{"line":60,"column":null}},"34":{"start":{"line":65,"column":0},"end":{"line":65,"column":null}}},"fnMap":{"0":{"name":"(anonymous_7)","decl":{"start":{"line":6,"column":4},"end":{"line":6,"column":9}},"loc":{"start":{"line":6,"column":86},"end":{"line":42,"column":5}}},"1":{"name":"(anonymous_8)","decl":{"start":{"line":44,"column":4},"end":{"line":44,"column":11}},"loc":{"start":{"line":44,"column":56},"end":{"line":53,"column":5}}},"2":{"name":"(anonymous_9)","decl":{"start":{"line":55,"column":4},"end":{"line":55,"column":9}},"loc":{"start":{"line":55,"column":37},"end":{"line":62,"column":5}}}},"branchMap":{"0":{"loc":{"start":{"line":6,"column":60},"end":{"line":6,"column":86}},"type":"default-arg","locations":[{"start":{"line":6,"column":81},"end":{"line":6,"column":86}}]},"1":{"loc":{"start":{"line":14,"column":12},"end":{"line":16,"column":13}},"type":"if","locations":[{"start":{"line":14,"column":12},"end":{"line":16,"column":13}},{"start":{},"end":{}}]},"2":{"loc":{"start":{"line":18,"column":12},"end":{"line":20,"column":13}},"type":"if","locations":[{"start":{"line":18,"column":12},"end":{"line":20,"column":13}},{"start":{},"end":{}}]},"3":{"loc":{"start":{"line":26,"column":12},"end":{"line":29,"column":13}},"type":"if","locations":[{"start":{"line":26,"column":12},"end":{"line":29,"column":13}},{"start":{},"end":{}}]},"4":{"loc":{"start":{"line":32,"column":12},"end":{"line":34,"column":13}},"type":"if","locations":[{"start":{"line":32,"column":12},"end":{"line":34,"column":13}},{"start":{},"end":{}}]},"5":{"loc":{"start":{"line":44,"column":30},"end":{"line":44,"column":56}},"type":"default-arg","locations":[{"start":{"line":44,"column":51},"end":{"line":44,"column":56}}]},"6":{"loc":{"start":{"line":45,"column":8},"end":{"line":49,"column":9}},"type":"if","locations":[{"start":{"line":45,"column":8},"end":{"line":49,"column":9}},{"start":{},"end":{}}]},"7":{"loc":{"start":{"line":47,"column":29},"end":{"line":47,"column":54}},"type":"cond-expr","locations":[{"start":{"line":47,"column":38},"end":{"line":47,"column":45}},{"start":{"line":47,"column":48},"end":{"line":47,"column":54}}]}},"s":{"0":0,"1":0,"2":0,"3":0,"4":0,"5":0,"6":0,"7":0,"8":0,"9":0,"10":0,"11":0,"12":0,"13":0,"14":0,"15":0,"16":0,"17":0,"18":0,"19":0,"20":0,"21":0,"22":0,"23":0,"24":0,"25":0,"26":0,"27":0,"28":0,"29":0,"30":0,"31":0,"32":0,"33":0,"34":0},"f":{"0":0,"1":0,"2":0},"b":{"0":[0],"1":[0,0],"2":[0,0],"3":[0,0],"4":[0,0],"5":[0],"6":[0,0],"7":[0,0]}}
,"/home/mulyawan/Project/Admin/NodeAdmin/src/services/mailer.ts": {"path":"/home/mulyawan/Project/Admin/NodeAdmin/src/services/mailer.ts","statementMap":{"0":{"start":{"line":1,"column":0},"end":{"line":1,"column":36}},"1":{"start":{"line":3,"column":0},"end":{"line":3,"column":32}},"2":{"start":{"line":6,"column":20},"end":{"line":14,"column":27}},"3":{"start":{"line":17,"column":24},"end":{"line":32,"column":1}},"4":{"start":{"line":18,"column":24},"end":{"line":24,"column":6}},"5":{"start":{"line":25,"column":4},"end":{"line":31,"column":5}},"6":{"start":{"line":26,"column":21},"end":{"line":26,"column":60}},"7":{"start":{"line":27,"column":8},"end":{"line":27,"column":52}},"8":{"start":{"line":29,"column":8},"end":{"line":29,"column":53}},"9":{"start":{"line":30,"column":8},"end":{"line":30,"column":20}},"10":{"start":{"line":17,"column":13},"end":{"line":17,"column":24}}},"fnMap":{"0":{"name":"(anonymous_1)","decl":{"start":{"line":17,"column":24},"end":{"line":17,"column":29}},"loc":{"start":{"line":17,"column":91},"end":{"line":32,"column":1}}}},"branchMap":{},"s":{"0":5,"1":5,"2":5,"3":5,"4":0,"5":0,"6":0,"7":0,"8":0,"9":0,"10":5},"f":{"0":0},"b":{}}
,"/home/mulyawan/Project/Admin/NodeAdmin/src/services/settingCache.ts": {"path":"/home/mulyawan/Project/Admin/NodeAdmin/src/services/settingCache.ts","statementMap":{"0":{"start":{"line":1,"column":0},"end":{"line":1,"column":47}},"1":{"start":{"line":2,"column":0},"end":{"line":2,"column":66}},"2":{"start":{"line":11,"column":29},"end":{"line":11,"column":33}},"3":{"start":{"line":12,"column":16},"end":{"line":12,"column":17}},"4":{"start":{"line":13,"column":15},"end":{"line":13,"column":24}},"5":{"start":{"line":16,"column":16},"end":{"line":16,"column":26}},"6":{"start":{"line":17,"column":4},"end":{"line":17,"column":null}},"7":{"start":{"line":17,"column":35},"end":{"line":17,"column":null}},"8":{"start":{"line":18,"column":17},"end":{"line":18,"column":77}},"9":{"start":{"line":19,"column":4},"end":{"line":19,"column":null}},"10":{"start":{"line":20,"column":4},"end":{"line":20,"column":null}},"11":{"start":{"line":21,"column":4},"end":{"line":21,"column":null}},"12":{"start":{"line":15,"column":0},"end":{"line":15,"column":7}},"13":{"start":{"line":26,"column":4},"end":{"line":26,"column":null}},"14":{"start":{"line":27,"column":4},"end":{"line":27,"column":null}},"15":{"start":{"line":25,"column":0},"end":{"line":25,"column":16}}},"fnMap":{"0":{"name":"getSetting","decl":{"start":{"line":15,"column":22},"end":{"line":15,"column":32}},"loc":{"start":{"line":15,"column":32},"end":{"line":22,"column":1}}},"1":{"name":"invalidateSetting","decl":{"start":{"line":25,"column":16},"end":{"line":25,"column":33}},"loc":{"start":{"line":25,"column":33},"end":{"line":28,"column":1}}}},"branchMap":{"0":{"loc":{"start":{"line":17,"column":4},"end":{"line":17,"column":null}},"type":"if","locations":[{"start":{"line":17,"column":4},"end":{"line":17,"column":null}},{"start":{},"end":{}}]},"1":{"loc":{"start":{"line":17,"column":8},"end":{"line":17,"column":33}},"type":"binary-expr","locations":[{"start":{"line":17,"column":8},"end":{"line":17,"column":14}},{"start":{"line":17,"column":18},"end":{"line":17,"column":33}}]},"2":{"loc":{"start":{"line":19,"column":13},"end":{"line":19,"column":28}},"type":"binary-expr","locations":[{"start":{"line":19,"column":13},"end":{"line":19,"column":20}},{"start":{"line":19,"column":24},"end":{"line":19,"column":28}}]}},"s":{"0":13,"1":13,"2":13,"3":13,"4":13,"5":68,"6":68,"7":42,"8":26,"9":26,"10":26,"11":26,"12":13,"13":38,"14":38,"15":13},"f":{"0":68,"1":38},"b":{"0":[42,26],"1":[68,42],"2":[26,0]}}
,"/home/mulyawan/Project/Admin/NodeAdmin/src/utils/date.ts": {"path":"/home/mulyawan/Project/Admin/NodeAdmin/src/utils/date.ts","statementMap":{"0":{"start":{"line":1,"column":0},"end":{"line":1,"column":25}},"1":{"start":{"line":2,"column":0},"end":{"line":2,"column":34}},"2":{"start":{"line":3,"column":0},"end":{"line":3,"column":38}},"3":{"start":{"line":4,"column":0},"end":{"line":4,"column":null}},"4":{"start":{"line":5,"column":0},"end":{"line":5,"column":null}},"5":{"start":{"line":8,"column":16},"end":{"line":18,"column":3}},"6":{"start":{"line":9,"column":4},"end":{"line":9,"column":null}},"7":{"start":{"line":9,"column":19},"end":{"line":9,"column":null}},"8":{"start":{"line":10,"column":4},"end":{"line":10,"column":null}},"9":{"start":{"line":10,"column":27},"end":{"line":10,"column":null}},"10":{"start":{"line":11,"column":4},"end":{"line":11,"column":null}},"11":{"start":{"line":11,"column":26},"end":{"line":11,"column":null}},"12":{"start":{"line":12,"column":4},"end":{"line":16,"column":5}},"13":{"start":{"line":13,"column":23},"end":{"line":13,"column":49}},"14":{"start":{"line":14,"column":6},"end":{"line":14,"column":null}},"15":{"start":{"line":14,"column":48},"end":{"line":14,"column":null}},"16":{"start":{"line":15,"column":6},"end":{"line":15,"column":null}},"17":{"start":{"line":17,"column":4},"end":{"line":17,"column":null}},"18":{"start":{"line":19,"column":2},"end":{"line":19,"column":null}},"19":{"start":{"line":7,"column":0},"end":{"line":7,"column":16}}},"fnMap":{"0":{"name":"convertDatesDeep","decl":{"start":{"line":7,"column":16},"end":{"line":7,"column":32}},"loc":{"start":{"line":7,"column":68},"end":{"line":20,"column":1}}},"1":{"name":"(anonymous_2)","decl":{"start":{"line":8,"column":16},"end":{"line":8,"column":17}},"loc":{"start":{"line":8,"column":32},"end":{"line":18,"column":3}}}},"branchMap":{"0":{"loc":{"start":{"line":9,"column":4},"end":{"line":9,"column":null}},"type":"if","locations":[{"start":{"line":9,"column":4},"end":{"line":9,"column":null}},{"start":{},"end":{}}]},"1":{"loc":{"start":{"line":10,"column":4},"end":{"line":10,"column":null}},"type":"if","locations":[{"start":{"line":10,"column":4},"end":{"line":10,"column":null}},{"start":{},"end":{}}]},"2":{"loc":{"start":{"line":11,"column":4},"end":{"line":11,"column":null}},"type":"if","locations":[{"start":{"line":11,"column":4},"end":{"line":11,"column":null}},{"start":{},"end":{}}]},"3":{"loc":{"start":{"line":12,"column":4},"end":{"line":16,"column":5}},"type":"if","locations":[{"start":{"line":12,"column":4},"end":{"line":16,"column":5}},{"start":{},"end":{}}]},"4":{"loc":{"start":{"line":13,"column":23},"end":{"line":13,"column":49}},"type":"cond-expr","locations":[{"start":{"line":13,"column":42},"end":{"line":13,"column":44}},{"start":{"line":13,"column":47},"end":{"line":13,"column":49}}]}},"s":{"0":6,"1":6,"2":6,"3":6,"4":6,"5":52,"6":2215,"7":145,"8":2070,"9":58,"10":2012,"11":17,"12":1995,"13":85,"14":85,"15":470,"16":85,"17":1910,"18":52,"19":6},"f":{"0":52,"1":2215},"b":{"0":[145,2070],"1":[58,2012],"2":[17,1995],"3":[85,1910],"4":[0,85]}}
,"/home/mulyawan/Project/Admin/NodeAdmin/src/utils/namedRoutes.ts": {"path":"/home/mulyawan/Project/Admin/NodeAdmin/src/utils/namedRoutes.ts","statementMap":{"0":{"start":{"line":6,"column":17},"end":{"line":6,"column":42}},"1":{"start":{"line":8,"column":31},"end":{"line":8,"column":33}},"2":{"start":{"line":9,"column":21},"end":{"line":9,"column":46}},"3":{"start":{"line":12,"column":2},"end":{"line":18,"column":null}},"4":{"start":{"line":13,"column":16},"end":{"line":13,"column":27}},"5":{"start":{"line":14,"column":4},"end":{"line":16,"column":5}},"6":{"start":{"line":15,"column":6},"end":{"line":15,"column":null}},"7":{"start":{"line":17,"column":4},"end":{"line":17,"column":null}},"8":{"start":{"line":24,"column":6},"end":{"line":31,"column":null}},"9":{"start":{"line":26,"column":25},"end":{"line":26,"column":43}},"10":{"start":{"line":27,"column":8},"end":{"line":27,"column":null}},"11":{"start":{"line":27,"column":23},"end":{"line":27,"column":null}},"12":{"start":{"line":28,"column":8},"end":{"line":28,"column":null}},"13":{"start":{"line":34,"column":23},"end":{"line":38,"column":5}},"14":{"start":{"line":35,"column":48},"end":{"line":35,"column":50}},"15":{"start":{"line":36,"column":6},"end":{"line":36,"column":null}},"16":{"start":{"line":36,"column":47},"end":{"line":36,"column":null}},"17":{"start":{"line":37,"column":8},"end":{"line":37,"column":null}},"18":{"start":{"line":41,"column":4},"end":{"line":41,"column":null}},"19":{"start":{"line":44,"column":20},"end":{"line":44,"column":47}},"20":{"start":{"line":45,"column":6},"end":{"line":49,"column":null}},"21":{"start":{"line":46,"column":16},"end":{"line":46,"column":35}},"22":{"start":{"line":47,"column":6},"end":{"line":47,"column":null}},"23":{"start":{"line":48,"column":6},"end":{"line":48,"column":null}},"24":{"start":{"line":54,"column":34},"end":{"line":54,"column":101}},"25":{"start":{"line":55,"column":4},"end":{"line":69,"column":5}},"26":{"start":{"line":56,"column":24},"end":{"line":56,"column":59}},"27":{"start":{"line":57,"column":8},"end":{"line":68,"column":null}},"28":{"start":{"line":59,"column":8},"end":{"line":66,"column":9}},"29":{"start":{"line":60,"column":44},"end":{"line":60,"column":89}},"30":{"start":{"line":61,"column":10},"end":{"line":61,"column":null}},"31":{"start":{"line":62,"column":10},"end":{"line":62,"column":null}},"32":{"start":{"line":63,"column":22},"end":{"line":63,"column":55}},"33":{"start":{"line":64,"column":10},"end":{"line":64,"column":null}},"34":{"start":{"line":65,"column":10},"end":{"line":65,"column":null}},"35":{"start":{"line":67,"column":8},"end":{"line":67,"column":null}},"36":{"start":{"line":70,"column":4},"end":{"line":70,"column":null}},"37":{"start":{"line":75,"column":4},"end":{"line":75,"column":null}},"38":{"start":{"line":80,"column":18},"end":{"line":80,"column":38}},"39":{"start":{"line":81,"column":4},"end":{"line":81,"column":null}},"40":{"start":{"line":85,"column":0},"end":{"line":85,"column":null}}},"fnMap":{"0":{"name":"buildUrl","decl":{"start":{"line":11,"column":9},"end":{"line":11,"column":17}},"loc":{"start":{"line":11,"column":80},"end":{"line":19,"column":1}}},"1":{"name":"(anonymous_1)","decl":{"start":{"line":12,"column":47},"end":{"line":12,"column":48}},"loc":{"start":{"line":12,"column":66},"end":{"line":18,"column":3}}},"2":{"name":"(anonymous_2)","decl":{"start":{"line":22,"column":2},"end":{"line":22,"column":15}},"loc":{"start":{"line":22,"column":32},"end":{"line":50,"column":3}}},"3":{"name":"(anonymous_3)","decl":{"start":{"line":25,"column":13},"end":{"line":25,"column":14}},"loc":{"start":{"line":25,"column":72},"end":{"line":29,"column":7}}},"4":{"name":"(anonymous_4)","decl":{"start":{"line":34,"column":23},"end":{"line":34,"column":26}},"loc":{"start":{"line":34,"column":28},"end":{"line":38,"column":5}}},"5":{"name":"(anonymous_5)","decl":{"start":{"line":45,"column":29},"end":{"line":45,"column":30}},"loc":{"start":{"line":45,"column":60},"end":{"line":49,"column":5}}},"6":{"name":"(anonymous_6)","decl":{"start":{"line":53,"column":2},"end":{"line":53,"column":14}},"loc":{"start":{"line":53,"column":42},"end":{"line":71,"column":3}}},"7":{"name":"(anonymous_7)","decl":{"start":{"line":57,"column":33},"end":{"line":57,"column":34}},"loc":{"start":{"line":57,"column":52},"end":{"line":68,"column":7}}},"8":{"name":"(anonymous_8)","decl":{"start":{"line":74,"column":2},"end":{"line":74,"column":15}},"loc":{"start":{"line":74,"column":28},"end":{"line":76,"column":3}}},"9":{"name":"(anonymous_9)","decl":{"start":{"line":79,"column":2},"end":{"line":79,"column":24}},"loc":{"start":{"line":79,"column":53},"end":{"line":82,"column":3}}}},"branchMap":{"0":{"loc":{"start":{"line":11,"column":36},"end":{"line":11,"column":80}},"type":"default-arg","locations":[{"start":{"line":11,"column":78},"end":{"line":11,"column":80}}]},"1":{"loc":{"start":{"line":14,"column":4},"end":{"line":16,"column":5}},"type":"if","locations":[{"start":{"line":14,"column":4},"end":{"line":16,"column":5}},{"start":{},"end":{}}]},"2":{"loc":{"start":{"line":14,"column":8},"end":{"line":14,"column":41}},"type":"binary-expr","locations":[{"start":{"line":14,"column":8},"end":{"line":14,"column":25}},{"start":{"line":14,"column":29},"end":{"line":14,"column":41}}]},"3":{"loc":{"start":{"line":27,"column":8},"end":{"line":27,"column":null}},"type":"if","locations":[{"start":{"line":27,"column":8},"end":{"line":27,"column":null}},{"start":{},"end":{}}]},"4":{"loc":{"start":{"line":28,"column":34},"end":{"line":28,"column":46}},"type":"binary-expr","locations":[{"start":{"line":28,"column":34},"end":{"line":28,"column":40}},{"start":{"line":28,"column":44},"end":{"line":28,"column":46}}]},"5":{"loc":{"start":{"line":59,"column":8},"end":{"line":66,"column":9}},"type":"if","locations":[{"start":{"line":59,"column":8},"end":{"line":66,"column":9}},{"start":{},"end":{}}]},"6":{"loc":{"start":{"line":59,"column":12},"end":{"line":59,"column":70}},"type":"binary-expr","locations":[{"start":{"line":59,"column":12},"end":{"line":59,"column":39}},{"start":{"line":59,"column":43},"end":{"line":59,"column":70}}]},"7":{"loc":{"start":{"line":81,"column":11},"end":{"line":81,"column":82}},"type":"binary-expr","locations":[{"start":{"line":81,"column":11},"end":{"line":81,"column":47}},{"start":{"line":81,"column":51},"end":{"line":81,"column":82}}]}},"s":{"0":6,"1":6,"2":6,"3":135,"4":4,"5":4,"6":0,"7":4,"8":5,"9":135,"10":135,"11":0,"12":135,"13":5,"14":355,"15":355,"16":12425,"17":355,"18":5,"19":5,"20":5,"21":350,"22":350,"23":350,"24":60,"25":60,"26":480,"27":480,"28":350,"29":350,"30":350,"31":350,"32":350,"33":350,"34":350,"35":0,"36":60,"37":14,"38":14,"39":14,"40":6},"f":{"0":135,"1":4,"2":5,"3":135,"4":355,"5":350,"6":60,"7":350,"8":14,"9":14},"b":{"0":[0],"1":[0,4],"2":[4,4],"3":[0,135],"4":[135,131],"5":[350,0],"6":[350,350],"7":[14,0]}}
,"/home/mulyawan/Project/Admin/NodeAdmin/src/utils/timezones.ts": {"path":"/home/mulyawan/Project/Admin/NodeAdmin/src/utils/timezones.ts","statementMap":{"0":{"start":{"line":2,"column":2},"end":{"line":9,"column":12}},"1":{"start":{"line":5,"column":22},"end":{"line":5,"column":33}},"2":{"start":{"line":6,"column":4},"end":{"line":8,"column":5}},"3":{"start":{"line":7,"column":6},"end":{"line":7,"column":null}},"4":{"start":{"line":11,"column":2},"end":{"line":17,"column":null}},"5":{"start":{"line":1,"column":0},"end":{"line":1,"column":16}}},"fnMap":{"0":{"name":"getTimezones","decl":{"start":{"line":1,"column":16},"end":{"line":1,"column":28}},"loc":{"start":{"line":1,"column":28},"end":{"line":18,"column":1}}}},"branchMap":{"0":{"loc":{"start":{"line":6,"column":4},"end":{"line":8,"column":5}},"type":"if","locations":[{"start":{"line":6,"column":4},"end":{"line":8,"column":5}},{"start":{},"end":{}}]}},"s":{"0":2,"1":2,"2":2,"3":2,"4":0,"5":5},"f":{"0":2},"b":{"0":[2,0]}}
}
