TN:
SF:src/ResponseHandler.ts
FN:4,(anonymous_0)
FN:14,(anonymous_1)
FN:22,(anonymous_2)
FN:30,(anonymous_3)
FNF:4
FNH:2
FNDA:1,(anonymous_0)
FNDA:11,(anonymous_1)
FNDA:0,(anonymous_2)
FNDA:0,(anonymous_3)
DA:1,5
DA:5,1
DA:6,1
DA:7,1
DA:15,11
DA:23,0
DA:31,0
DA:39,5
LF:8
LH:6
BRDA:4,0,0,0
BRDA:4,1,0,1
BRDA:5,2,0,1
BRDA:5,2,1,0
BRDA:14,3,0,0
BRDA:14,4,0,0
BRDA:22,5,0,0
BRDA:30,6,0,0
BRF:8
BRH:2
end_of_record
TN:
SF:src/globalFunctions.ts
FN:12,(anonymous_1)
FN:13,(anonymous_2)
FN:17,(anonymous_3)
FN:20,(anonymous_4)
FN:32,(anonymous_5)
FN:46,(anonymous_6)
FN:50,(anonymous_7)
FN:60,(anonymous_8)
FN:66,(anonymous_9)
FN:70,(anonymous_10)
FN:72,(anonymous_11)
FN:76,(anonymous_12)
FN:77,(anonymous_13)
FN:84,(anonymous_14)
FN:86,(anonymous_15)
FNF:15
FNH:9
FNDA:64,(anonymous_1)
FNDA:128,(anonymous_2)
FNDA:0,(anonymous_3)
FNDA:46,(anonymous_4)
FNDA:844,(anonymous_5)
FNDA:0,(anonymous_6)
FNDA:1,(anonymous_7)
FNDA:1,(anonymous_8)
FNDA:54,(anonymous_9)
FNDA:40,(anonymous_10)
FNDA:40,(anonymous_11)
FNDA:0,(anonymous_12)
FNDA:0,(anonymous_13)
FNDA:0,(anonymous_14)
FNDA:0,(anonymous_15)
DA:2,5
DA:4,5
DA:5,5
DA:6,5
DA:7,5
DA:8,5
DA:9,5
DA:10,5
DA:12,5
DA:13,64
DA:14,128
DA:15,128
DA:17,0
DA:20,64
DA:21,46
DA:22,46
DA:24,0
DA:25,0
DA:27,0
DA:32,64
DA:33,844
DA:34,0
DA:38,64
DA:39,64
DA:41,64
DA:44,64
DA:45,64
DA:46,64
DA:47,0
DA:48,0
DA:50,64
DA:52,64
DA:53,64
DA:56,64
DA:57,64
DA:58,64
DA:60,64
DA:61,1
DA:62,1
DA:63,1
DA:66,64
DA:67,54
DA:70,64
DA:71,40
DA:72,40
DA:73,40
DA:75,40
DA:76,0
DA:77,0
DA:78,0
DA:81,0
DA:84,64
DA:85,0
DA:86,0
DA:87,0
DA:89,0
DA:92,64
LF:57
LH:42
BRDA:14,0,0,128
BRDA:14,0,1,0
BRDA:21,1,0,46
BRDA:21,1,1,0
BRDA:24,2,0,0
BRDA:24,2,1,0
BRDA:33,3,0,0
BRDA:33,3,1,844
BRDA:44,4,0,64
BRDA:44,4,1,48
BRDA:46,5,0,0
BRDA:47,6,0,0
BRDA:47,6,1,0
BRDA:50,7,0,0
BRDA:56,8,0,64
BRDA:56,8,1,0
BRDA:75,9,0,40
BRDA:75,9,1,0
BRDA:78,10,0,0
BRDA:78,10,1,0
BRDA:81,11,0,0
BRDA:81,11,1,0
BRDA:89,12,0,0
BRDA:89,12,1,0
BRF:24
BRH:7
end_of_record
TN:
SF:src/config/app.ts
FNF:0
FNH:0
DA:1,5
DA:12,5
LF:2
LH:2
BRF:0
BRH:0
end_of_record
TN:
SF:src/config/env.ts
FN:14,required
FN:26,num
FN:32,bool
FNF:3
FNH:3
FNDA:26,required
FNDA:104,num
FNDA:52,bool
DA:1,13
DA:2,13
DA:11,13
DA:12,13
DA:15,26
DA:16,26
DA:17,0
DA:18,0
DA:22,0
DA:23,0
DA:27,104
DA:28,104
DA:29,104
DA:33,52
DA:34,52
DA:35,52
DA:38,13
DA:107,13
LF:18
LH:14
BRDA:11,0,0,13
BRDA:11,0,1,0
BRDA:16,1,0,26
BRDA:16,1,1,0
BRDA:16,2,0,26
BRDA:16,2,1,26
BRDA:17,3,0,0
BRDA:17,3,1,0
BRDA:23,4,0,0
BRDA:23,4,1,0
BRDA:28,5,0,65
BRDA:28,5,1,39
BRDA:29,6,0,65
BRDA:29,6,1,39
BRDA:32,7,0,0
BRDA:34,8,0,0
BRDA:34,8,1,52
BRDA:35,9,0,52
BRDA:35,9,1,26
BRDA:43,10,0,13
BRDA:43,10,1,0
BRDA:45,11,0,13
BRDA:45,11,1,0
BRDA:49,12,0,13
BRDA:49,12,1,0
BRDA:61,13,0,13
BRDA:61,13,1,0
BRDA:71,14,0,13
BRDA:71,14,1,0
BRDA:86,15,0,13
BRDA:86,15,1,0
BRDA:87,16,0,13
BRDA:87,16,1,0
BRF:33
BRH:18
end_of_record
TN:
SF:src/config/ormconfig.ts
FNF:0
FNH:0
DA:1,13
DA:2,13
DA:3,13
DA:4,13
DA:5,13
DA:6,13
DA:7,13
DA:11,13
DA:13,13
DA:14,13
DA:16,13
DA:27,13
DA:43,13
DA:49,13
LF:14
LH:14
BRDA:13,0,0,13
BRDA:13,0,1,13
BRDA:14,1,0,13
BRDA:14,1,1,13
BRDA:27,2,0,13
BRDA:27,2,1,0
BRDA:38,3,0,0
BRDA:38,3,1,0
BRF:8
BRH:5
end_of_record
TN:
SF:src/config/ossconfig.ts
FNF:0
FNH:0
DA:1,0
DA:2,0
DA:4,0
DA:12,0
DA:14,0
DA:15,0
LF:6
LH:0
BRF:0
BRH:0
end_of_record
TN:
SF:src/config/themes.ts
FN:33,(anonymous_0)
FNF:1
FNH:1
FNDA:67,(anonymous_0)
DA:17,6
DA:29,6
DA:31,6
DA:33,6
DA:34,67
LF:5
LH:5
BRDA:34,0,0,67
BRDA:34,0,1,66
BRDA:34,0,2,2
BRF:3
BRH:3
end_of_record
TN:
SF:src/helpers/functions.ts
FN:2,(anonymous_0)
FN:3,(anonymous_1)
FN:16,(anonymous_2)
FN:24,(anonymous_3)
FN:26,(anonymous_4)
FNF:5
FNH:5
FNDA:20,(anonymous_0)
FNDA:77,(anonymous_1)
FNDA:2,(anonymous_2)
FNDA:5,(anonymous_3)
FNDA:5,(anonymous_4)
DA:1,9
DA:3,20
DA:4,77
DA:5,3
DA:8,20
DA:16,9
DA:21,2
DA:24,9
DA:25,5
DA:26,5
DA:27,5
DA:28,3
DA:29,3
DA:31,2
DA:34,5
LF:15
LH:15
BRDA:4,0,0,3
BRDA:4,0,1,74
BRDA:4,1,0,77
BRDA:4,1,1,76
BRDA:4,1,2,75
BRDA:27,2,0,3
BRDA:27,2,1,2
BRF:7
BRH:7
end_of_record
TN:
SF:src/helpers/otp.ts
FN:12,(anonymous_1)
FN:20,(anonymous_2)
FN:24,(anonymous_3)
FN:30,(anonymous_4)
FNF:4
FNH:4
FNDA:22,(anonymous_1)
FNDA:2,(anonymous_2)
FNDA:3,(anonymous_3)
FNDA:1,(anonymous_4)
DA:1,6
DA:2,6
DA:3,6
DA:12,6
DA:13,22
DA:14,22
DA:15,132
DA:17,22
DA:20,6
DA:21,2
DA:24,6
DA:25,3
DA:26,2
DA:30,6
LF:14
LH:14
BRDA:12,0,0,21
BRDA:25,1,0,1
BRDA:25,1,1,2
BRF:3
BRH:3
end_of_record
TN:
SF:src/middleware/csrf.ts
FN:14,(anonymous_1)
FNF:1
FNH:1
FNDA:64,(anonymous_1)
DA:2,5
DA:12,5
DA:14,5
DA:16,64
DA:17,64
DA:18,42
DA:20,64
DA:21,64
DA:24,64
DA:26,51
DA:28,23
DA:29,23
DA:31,20
DA:33,3
LF:14
LH:14
BRDA:16,0,0,0
BRDA:16,0,1,64
BRDA:17,1,0,42
BRDA:17,1,1,22
BRDA:24,2,0,13
BRDA:24,2,1,51
BRDA:26,3,0,28
BRDA:26,3,1,23
BRDA:28,4,0,23
BRDA:28,4,1,23
BRDA:28,4,2,3
BRDA:29,5,0,20
BRDA:29,5,1,3
BRDA:29,6,0,23
BRDA:29,6,1,20
BRDA:29,6,2,20
BRDA:29,6,3,20
BRF:17
BRH:16
end_of_record
TN:
SF:src/middleware/rateLimiter.ts
FNF:0
FNH:0
DA:1,5
DA:7,5
DA:16,5
LF:3
LH:3
BRF:0
BRH:0
end_of_record
TN:
SF:src/modules/access/Module.ts
FNF:0
FNH:0
DA:1,6
DA:2,6
DA:3,6
LF:3
LH:3
BRF:0
BRH:0
end_of_record
TN:
SF:src/modules/access/http/controllers/api/v1/PermissionController.ts
FN:7,(anonymous_1)
FN:10,(anonymous_2)
FN:17,(anonymous_3)
FN:36,(anonymous_4)
FN:42,(anonymous_5)
FN:58,(anonymous_6)
FN:66,(anonymous_7)
FN:67,(anonymous_8)
FNF:8
FNH:1
FNDA:5,(anonymous_1)
FNDA:0,(anonymous_2)
FNDA:0,(anonymous_3)
FNDA:0,(anonymous_4)
FNDA:0,(anonymous_5)
FNDA:0,(anonymous_6)
FNDA:0,(anonymous_7)
FNDA:0,(anonymous_8)
DA:2,5
DA:3,5
DA:4,5
DA:5,5
DA:7,5
DA:8,5
DA:11,0
DA:12,0
DA:13,0
DA:14,0
DA:18,0
DA:19,0
DA:20,0
DA:22,0
DA:23,0
DA:24,0
DA:26,0
DA:27,0
DA:28,0
DA:30,0
DA:32,0
DA:37,0
DA:38,0
DA:39,0
DA:43,0
DA:44,0
DA:45,0
DA:46,0
DA:48,0
DA:49,0
DA:50,0
DA:52,0
DA:54,0
DA:59,0
DA:60,0
DA:61,0
DA:63,0
DA:67,0
DA:68,0
LF:39
LH:6
BRDA:19,0,0,0
BRDA:19,0,1,0
BRDA:23,1,0,0
BRDA:23,1,1,0
BRDA:27,2,0,0
BRDA:27,2,1,0
BRDA:45,3,0,0
BRDA:45,3,1,0
BRDA:49,4,0,0
BRDA:49,4,1,0
BRDA:60,5,0,0
BRDA:60,5,1,0
BRF:12
BRH:0
end_of_record
TN:
SF:src/modules/access/http/controllers/api/v1/RoleController.ts
FN:6,(anonymous_1)
FN:9,(anonymous_2)
FN:15,(anonymous_3)
FN:34,(anonymous_4)
FN:40,(anonymous_5)
FN:56,(anonymous_6)
FN:64,(anonymous_7)
FN:65,(anonymous_8)
FN:69,(anonymous_9)
FN:75,(anonymous_10)
FN:87,(anonymous_11)
FN:99,(anonymous_12)
FN:111,(anonymous_13)
FNF:13
FNH:1
FNDA:5,(anonymous_1)
FNDA:0,(anonymous_2)
FNDA:0,(anonymous_3)
FNDA:0,(anonymous_4)
FNDA:0,(anonymous_5)
FNDA:0,(anonymous_6)
FNDA:0,(anonymous_7)
FNDA:0,(anonymous_8)
FNDA:0,(anonymous_9)
FNDA:0,(anonymous_10)
FNDA:0,(anonymous_11)
FNDA:0,(anonymous_12)
FNDA:0,(anonymous_13)
DA:2,5
DA:3,5
DA:4,5
DA:6,5
DA:7,5
DA:10,0
DA:11,0
DA:12,0
DA:16,0
DA:17,0
DA:18,0
DA:20,0
DA:21,0
DA:22,0
DA:24,0
DA:25,0
DA:26,0
DA:28,0
DA:30,0
DA:35,0
DA:36,0
DA:37,0
DA:41,0
DA:42,0
DA:43,0
DA:44,0
DA:46,0
DA:47,0
DA:48,0
DA:50,0
DA:52,0
DA:57,0
DA:58,0
DA:59,0
DA:61,0
DA:65,0
DA:66,0
DA:70,0
DA:71,0
DA:72,0
DA:76,0
DA:77,0
DA:78,0
DA:79,0
DA:81,0
DA:83,0
DA:88,0
DA:89,0
DA:90,0
DA:91,0
DA:93,0
DA:95,0
DA:100,0
DA:101,0
DA:102,0
DA:103,0
DA:105,0
DA:107,0
DA:112,0
DA:113,0
DA:114,0
DA:115,0
DA:117,0
DA:119,0
LF:64
LH:5
BRDA:17,0,0,0
BRDA:17,0,1,0
BRDA:21,1,0,0
BRDA:21,1,1,0
BRDA:25,2,0,0
BRDA:25,2,1,0
BRDA:43,3,0,0
BRDA:43,3,1,0
BRDA:47,4,0,0
BRDA:47,4,1,0
BRDA:58,5,0,0
BRDA:58,5,1,0
BRDA:78,6,0,0
BRDA:78,6,1,0
BRDA:90,7,0,0
BRDA:90,7,1,0
BRDA:102,8,0,0
BRDA:102,8,1,0
BRDA:114,9,0,0
BRDA:114,9,1,0
BRF:20
BRH:0
end_of_record
TN:
SF:src/modules/access/http/controllers/api/v1/UserController.ts
FN:5,(anonymous_1)
FN:8,(anonymous_2)
FN:14,(anonymous_3)
FN:27,(anonymous_4)
FN:33,(anonymous_5)
FN:46,(anonymous_6)
FN:54,(anonymous_7)
FN:55,(anonymous_8)
FNF:8
FNH:1
FNDA:5,(anonymous_1)
FNDA:0,(anonymous_2)
FNDA:0,(anonymous_3)
FNDA:0,(anonymous_4)
FNDA:0,(anonymous_5)
FNDA:0,(anonymous_6)
FNDA:0,(anonymous_7)
FNDA:0,(anonymous_8)
DA:2,5
DA:3,5
DA:5,5
DA:6,5
DA:9,0
DA:10,0
DA:11,0
DA:15,0
DA:16,0
DA:17,0
DA:18,0
DA:19,0
DA:21,0
DA:23,0
DA:28,0
DA:29,0
DA:30,0
DA:34,0
DA:35,0
DA:36,0
DA:37,0
DA:38,0
DA:40,0
DA:42,0
DA:47,0
DA:48,0
DA:49,0
DA:51,0
DA:55,0
DA:56,0
LF:30
LH:4
BRDA:16,0,0,0
BRDA:16,0,1,0
BRDA:18,1,0,0
BRDA:18,1,1,0
BRDA:35,2,0,0
BRDA:35,2,1,0
BRDA:37,3,0,0
BRDA:37,3,1,0
BRDA:48,4,0,0
BRDA:48,4,1,0
BRF:10
BRH:0
end_of_record
TN:
SF:src/modules/access/http/controllers/web/v1/PermissionController.ts
FN:9,(anonymous_1)
FN:12,(anonymous_2)
FN:24,(anonymous_3)
FN:30,(anonymous_4)
FN:54,(anonymous_5)
FN:63,(anonymous_6)
FN:82,(anonymous_7)
FN:92,(anonymous_8)
FN:93,(anonymous_9)
FNF:9
FNH:1
FNDA:5,(anonymous_1)
FNDA:0,(anonymous_2)
FNDA:0,(anonymous_3)
FNDA:0,(anonymous_4)
FNDA:0,(anonymous_5)
FNDA:0,(anonymous_6)
FNDA:0,(anonymous_7)
FNDA:0,(anonymous_8)
FNDA:0,(anonymous_9)
DA:2,5
DA:3,5
DA:4,5
DA:5,5
DA:6,5
DA:7,5
DA:9,5
DA:10,5
DA:13,0
DA:14,0
DA:15,0
DA:16,0
DA:25,0
DA:31,0
DA:32,0
DA:33,0
DA:35,0
DA:36,0
DA:37,0
DA:38,0
DA:39,0
DA:41,0
DA:42,0
DA:43,0
DA:45,0
DA:46,0
DA:48,0
DA:49,0
DA:50,0
DA:55,0
DA:56,0
DA:57,0
DA:64,0
DA:65,0
DA:66,0
DA:67,0
DA:68,0
DA:70,0
DA:71,0
DA:72,0
DA:74,0
DA:75,0
DA:77,0
DA:78,0
DA:83,0
DA:84,0
DA:85,0
DA:86,0
DA:88,0
DA:89,0
DA:93,0
DA:94,0
DA:95,0
LF:53
LH:8
BRDA:32,0,0,0
BRDA:32,0,1,0
BRDA:36,1,0,0
BRDA:36,1,1,0
BRDA:42,2,0,0
BRDA:42,2,1,0
BRDA:66,3,0,0
BRDA:66,3,1,0
BRDA:71,4,0,0
BRDA:71,4,1,0
BRDA:84,5,0,0
BRDA:84,5,1,0
BRF:12
BRH:0
end_of_record
TN:
SF:src/modules/access/http/controllers/web/v1/RoleController.ts
FN:8,(anonymous_1)
FN:11,(anonymous_2)
FN:22,(anonymous_3)
FN:28,(anonymous_4)
FN:52,(anonymous_5)
FN:61,(anonymous_6)
FN:80,(anonymous_7)
FN:90,(anonymous_8)
FN:91,(anonymous_9)
FN:96,(anonymous_10)
FN:108,(anonymous_11)
FN:122,(anonymous_12)
FN:136,(anonymous_13)
FN:150,(anonymous_14)
FNF:14
FNH:1
FNDA:5,(anonymous_1)
FNDA:0,(anonymous_2)
FNDA:0,(anonymous_3)
FNDA:0,(anonymous_4)
FNDA:0,(anonymous_5)
FNDA:0,(anonymous_6)
FNDA:0,(anonymous_7)
FNDA:0,(anonymous_8)
FNDA:0,(anonymous_9)
FNDA:0,(anonymous_10)
FNDA:0,(anonymous_11)
FNDA:0,(anonymous_12)
FNDA:0,(anonymous_13)
FNDA:0,(anonymous_14)
DA:2,5
DA:3,5
DA:4,5
DA:5,5
DA:6,5
DA:8,5
DA:9,5
DA:12,0
DA:13,0
DA:14,0
DA:23,0
DA:29,0
DA:30,0
DA:31,0
DA:33,0
DA:34,0
DA:35,0
DA:36,0
DA:37,0
DA:39,0
DA:40,0
DA:41,0
DA:43,0
DA:44,0
DA:46,0
DA:47,0
DA:48,0
DA:53,0
DA:54,0
DA:55,0
DA:62,0
DA:63,0
DA:64,0
DA:65,0
DA:66,0
DA:68,0
DA:69,0
DA:70,0
DA:72,0
DA:73,0
DA:75,0
DA:76,0
DA:81,0
DA:82,0
DA:83,0
DA:84,0
DA:86,0
DA:87,0
DA:91,0
DA:92,0
DA:93,0
DA:97,0
DA:98,0
DA:99,0
DA:109,0
DA:110,0
DA:111,0
DA:112,0
DA:114,0
DA:115,0
DA:117,0
DA:118,0
DA:123,0
DA:124,0
DA:125,0
DA:126,0
DA:128,0
DA:129,0
DA:131,0
DA:132,0
DA:137,0
DA:138,0
DA:139,0
DA:140,0
DA:142,0
DA:143,0
DA:145,0
DA:146,0
DA:151,0
DA:152,0
DA:153,0
DA:154,0
DA:156,0
DA:157,0
DA:159,0
DA:160,0
LF:86
LH:7
BRDA:30,0,0,0
BRDA:30,0,1,0
BRDA:34,1,0,0
BRDA:34,1,1,0
BRDA:40,2,0,0
BRDA:40,2,1,0
BRDA:64,3,0,0
BRDA:64,3,1,0
BRDA:69,4,0,0
BRDA:69,4,1,0
BRDA:82,5,0,0
BRDA:82,5,1,0
BRDA:111,6,0,0
BRDA:111,6,1,0
BRDA:125,7,0,0
BRDA:125,7,1,0
BRDA:139,8,0,0
BRDA:139,8,1,0
BRDA:153,9,0,0
BRDA:153,9,1,0
BRF:20
BRH:0
end_of_record
TN:
SF:src/modules/access/http/controllers/web/v1/UserController.ts
FN:8,(anonymous_1)
FN:11,(anonymous_2)
FN:23,(anonymous_3)
FN:33,(anonymous_4)
FN:48,(anonymous_5)
FN:60,(anonymous_6)
FN:75,(anonymous_7)
FN:85,(anonymous_8)
FN:86,(anonymous_9)
FNF:9
FNH:4
FNDA:5,(anonymous_1)
FNDA:1,(anonymous_2)
FNDA:2,(anonymous_3)
FNDA:1,(anonymous_4)
FNDA:0,(anonymous_5)
FNDA:0,(anonymous_6)
FNDA:0,(anonymous_7)
FNDA:0,(anonymous_8)
FNDA:0,(anonymous_9)
DA:2,5
DA:3,5
DA:4,5
DA:5,5
DA:6,5
DA:8,5
DA:9,5
DA:12,1
DA:13,1
DA:14,1
DA:24,2
DA:25,2
DA:26,2
DA:34,1
DA:35,1
DA:36,1
DA:37,1
DA:38,0
DA:40,1
DA:41,1
DA:43,0
DA:44,0
DA:49,0
DA:50,0
DA:51,0
DA:52,0
DA:61,0
DA:62,0
DA:63,0
DA:64,0
DA:65,0
DA:67,0
DA:68,0
DA:70,0
DA:71,0
DA:76,0
DA:77,0
DA:78,0
DA:79,0
DA:81,0
DA:82,0
DA:86,0
DA:87,0
DA:88,0
LF:44
LH:19
BRDA:35,0,0,1
BRDA:35,0,1,0
BRDA:37,1,0,0
BRDA:37,1,1,1
BRDA:62,2,0,0
BRDA:62,2,1,0
BRDA:64,3,0,0
BRDA:64,3,1,0
BRDA:77,4,0,0
BRDA:77,4,1,0
BRF:10
BRH:2
end_of_record
TN:
SF:src/modules/access/http/middleware/AccessMiddleware.ts
FN:8,(anonymous_1)
FN:23,(anonymous_2)
FN:24,(anonymous_3)
FN:31,(anonymous_4)
FNF:4
FNH:3
FNDA:14,(anonymous_1)
FNDA:14,(anonymous_2)
FNDA:0,(anonymous_3)
FNDA:14,(anonymous_4)
DA:2,5
DA:3,5
DA:4,5
DA:5,5
DA:6,5
DA:8,5
DA:9,14
DA:10,14
DA:13,14
DA:14,14
DA:15,14
DA:17,14
DA:18,14
DA:23,14
DA:24,14
DA:25,0
DA:28,14
DA:29,14
DA:31,14
DA:32,1
DA:33,1
DA:34,1
DA:35,1
DA:36,0
DA:38,1
DA:40,0
DA:45,13
DA:48,5
LF:28
LH:25
BRDA:13,0,0,14
BRDA:13,0,1,14
BRDA:13,1,0,14
BRDA:13,1,1,0
BRDA:13,2,0,0
BRDA:13,2,1,14
BRDA:13,3,0,0
BRDA:13,3,1,0
BRDA:25,4,0,0
BRDA:25,4,1,0
BRDA:28,5,0,14
BRDA:28,5,1,0
BRDA:28,6,0,14
BRDA:28,6,1,0
BRDA:31,7,0,1
BRDA:31,7,1,13
BRDA:32,8,0,1
BRDA:32,8,1,0
BRDA:33,9,0,1
BRDA:33,9,1,0
BRDA:35,10,0,0
BRDA:35,10,1,1
BRF:22
BRH:11
end_of_record
TN:
SF:src/modules/access/http/services/v1/PermissionService.ts
FN:8,(anonymous_7)
FN:11,(anonymous_8)
FN:13,(anonymous_9)
FN:14,(anonymous_10)
FN:16,(anonymous_11)
FN:18,(anonymous_12)
FN:39,(anonymous_13)
FN:71,(anonymous_14)
FN:89,(anonymous_15)
FN:94,(anonymous_16)
FN:116,(anonymous_17)
FNF:11
FNH:2
FNDA:11,(anonymous_7)
FNDA:0,(anonymous_8)
FNDA:0,(anonymous_9)
FNDA:0,(anonymous_10)
FNDA:0,(anonymous_11)
FNDA:0,(anonymous_12)
FNDA:0,(anonymous_13)
FNDA:6,(anonymous_14)
FNDA:0,(anonymous_15)
FNDA:0,(anonymous_16)
FNDA:0,(anonymous_17)
DA:1,6
DA:2,6
DA:3,6
DA:4,6
DA:6,6
DA:8,6
DA:9,11
DA:12,0
DA:13,0
DA:14,0
DA:15,0
DA:16,0
DA:17,0
DA:18,0
DA:19,0
DA:20,0
DA:24,0
DA:25,0
DA:26,0
DA:27,0
DA:28,0
DA:29,0
DA:30,0
DA:34,0
DA:40,0
DA:41,0
DA:44,0
DA:45,0
DA:47,0
DA:48,0
DA:50,0
DA:51,0
DA:53,0
DA:54,0
DA:57,0
DA:61,0
DA:62,0
DA:68,0
DA:72,6
DA:73,6
DA:74,6
DA:75,0
DA:77,6
DA:78,6
DA:79,6
DA:80,6
DA:81,0
DA:83,6
DA:85,0
DA:90,0
DA:91,0
DA:95,0
DA:96,0
DA:97,0
DA:98,0
DA:100,0
DA:101,0
DA:102,0
DA:104,0
DA:105,0
DA:106,0
DA:107,0
DA:108,0
DA:110,0
DA:112,0
DA:117,0
DA:118,0
DA:119,0
DA:121,0
DA:122,0
DA:123,0
DA:125,0
LF:72
LH:15
BRDA:15,0,0,0
BRDA:15,0,1,0
BRDA:19,1,0,0
BRDA:19,1,1,0
BRDA:19,2,0,0
BRDA:19,2,1,0
BRDA:19,2,2,0
BRDA:27,3,0,0
BRDA:27,3,1,0
BRDA:29,4,0,0
BRDA:29,4,1,0
BRDA:44,5,0,0
BRDA:44,5,1,0
BRDA:47,6,0,0
BRDA:47,6,1,0
BRDA:50,7,0,0
BRDA:50,7,1,0
BRDA:53,8,0,0
BRDA:53,8,1,0
BRDA:57,9,0,0
BRDA:57,9,1,0
BRDA:57,10,0,0
BRDA:57,10,1,0
BRDA:58,11,0,0
BRDA:58,11,1,0
BRDA:64,12,0,0
BRDA:64,12,1,0
BRDA:65,13,0,0
BRDA:65,13,1,0
BRDA:66,14,0,0
BRDA:66,14,1,0
BRDA:74,15,0,0
BRDA:74,15,1,6
BRDA:80,16,0,0
BRDA:80,16,1,6
BRDA:97,17,0,0
BRDA:97,17,1,0
BRDA:101,18,0,0
BRDA:101,18,1,0
BRDA:107,19,0,0
BRDA:107,19,1,0
BRDA:118,20,0,0
BRDA:118,20,1,0
BRDA:122,21,0,0
BRDA:122,21,1,0
BRF:45
BRH:2
end_of_record
TN:
SF:src/modules/access/http/services/v1/RoleService.ts
FN:7,(anonymous_7)
FN:11,(anonymous_8)
FN:40,(anonymous_9)
FN:58,(anonymous_10)
FN:63,(anonymous_11)
FN:85,(anonymous_12)
FN:97,(anonymous_13)
FN:115,(anonymous_14)
FN:144,(anonymous_15)
FN:170,(anonymous_16)
FN:182,(anonymous_17)
FN:198,(anonymous_18)
FN:207,(anonymous_19)
FN:218,(anonymous_20)
FN:227,(anonymous_21)
FN:228,(anonymous_22)
FNF:16
FNH:6
FNDA:11,(anonymous_7)
FNDA:0,(anonymous_8)
FNDA:5,(anonymous_9)
FNDA:0,(anonymous_10)
FNDA:0,(anonymous_11)
FNDA:0,(anonymous_12)
FNDA:0,(anonymous_13)
FNDA:0,(anonymous_14)
FNDA:0,(anonymous_15)
FNDA:2,(anonymous_16)
FNDA:0,(anonymous_17)
FNDA:0,(anonymous_18)
FNDA:0,(anonymous_19)
FNDA:1,(anonymous_20)
FNDA:2,(anonymous_21)
FNDA:5,(anonymous_22)
DA:1,6
DA:2,6
DA:3,6
DA:4,6
DA:5,6
DA:7,6
DA:8,11
DA:9,11
DA:12,0
DA:13,0
DA:16,0
DA:17,0
DA:19,0
DA:20,0
DA:22,0
DA:23,0
DA:26,0
DA:30,0
DA:31,0
DA:37,0
DA:41,5
DA:42,5
DA:43,5
DA:44,1
DA:46,4
DA:47,4
DA:48,4
DA:49,4
DA:50,0
DA:52,4
DA:54,1
DA:59,0
DA:60,0
DA:64,0
DA:65,0
DA:66,0
DA:67,0
DA:69,0
DA:70,0
DA:71,0
DA:73,0
DA:74,0
DA:75,0
DA:76,0
DA:77,0
DA:79,0
DA:81,0
DA:86,0
DA:87,0
DA:88,0
DA:90,0
DA:91,0
DA:92,0
DA:94,0
DA:98,0
DA:99,0
DA:100,0
DA:103,0
DA:104,0
DA:106,0
DA:107,0
DA:109,0
DA:110,0
DA:111,0
DA:113,0
DA:114,0
DA:116,0
DA:121,0
DA:126,0
DA:127,0
DA:130,0
DA:134,0
DA:135,0
DA:141,0
DA:145,0
DA:146,0
DA:150,0
DA:151,0
DA:153,0
DA:156,0
DA:157,0
DA:159,0
DA:160,0
DA:161,0
DA:162,0
DA:164,0
DA:166,0
DA:171,2
DA:172,2
DA:176,2
DA:177,0
DA:181,2
DA:182,2
DA:183,2
DA:184,6
DA:185,6
DA:188,2
DA:189,2
DA:190,0
DA:192,2
DA:194,0
DA:199,0
DA:200,0
DA:204,0
DA:205,0
DA:207,0
DA:208,0
DA:209,0
DA:210,0
DA:212,0
DA:214,0
DA:219,1
DA:220,1
DA:224,1
DA:225,0
DA:227,1
DA:228,5
DA:230,1
DA:231,1
DA:232,0
DA:234,1
DA:236,0
LF:122
LH:37
BRDA:16,0,0,0
BRDA:16,0,1,0
BRDA:19,1,0,0
BRDA:19,1,1,0
BRDA:22,2,0,0
BRDA:22,2,1,0
BRDA:26,3,0,0
BRDA:26,3,1,0
BRDA:26,4,0,0
BRDA:26,4,1,0
BRDA:27,5,0,0
BRDA:27,5,1,0
BRDA:33,6,0,0
BRDA:33,6,1,0
BRDA:34,7,0,0
BRDA:34,7,1,0
BRDA:35,8,0,0
BRDA:35,8,1,0
BRDA:43,9,0,1
BRDA:43,9,1,4
BRDA:49,10,0,0
BRDA:49,10,1,4
BRDA:66,11,0,0
BRDA:66,11,1,0
BRDA:70,12,0,0
BRDA:70,12,1,0
BRDA:76,13,0,0
BRDA:76,13,1,0
BRDA:87,14,0,0
BRDA:87,14,1,0
BRDA:91,15,0,0
BRDA:91,15,1,0
BRDA:103,16,0,0
BRDA:103,16,1,0
BRDA:106,17,0,0
BRDA:106,17,1,0
BRDA:109,18,0,0
BRDA:109,18,1,0
BRDA:110,19,0,0
BRDA:110,19,1,0
BRDA:113,20,0,0
BRDA:113,20,1,0
BRDA:126,21,0,0
BRDA:126,21,1,0
BRDA:130,22,0,0
BRDA:130,22,1,0
BRDA:130,23,0,0
BRDA:130,23,1,0
BRDA:131,24,0,0
BRDA:131,24,1,0
BRDA:137,25,0,0
BRDA:137,25,1,0
BRDA:138,26,0,0
BRDA:138,26,1,0
BRDA:139,27,0,0
BRDA:139,27,1,0
BRDA:150,28,0,0
BRDA:150,28,1,0
BRDA:156,29,0,0
BRDA:156,29,1,0
BRDA:161,30,0,0
BRDA:161,30,1,0
BRDA:176,31,0,0
BRDA:176,31,1,2
BRDA:184,32,0,6
BRDA:184,32,1,0
BRDA:189,33,0,0
BRDA:189,33,1,2
BRDA:204,34,0,0
BRDA:204,34,1,0
BRDA:209,35,0,0
BRDA:209,35,1,0
BRDA:224,36,0,0
BRDA:224,36,1,1
BRDA:231,37,0,0
BRDA:231,37,1,1
BRF:76
BRH:8
end_of_record
TN:
SF:src/modules/access/http/services/v1/UserService.ts
FN:11,(anonymous_7)
FN:15,(anonymous_8)
FN:57,(anonymous_9)
FN:62,(anonymous_10)
FN:77,(anonymous_11)
FN:79,(anonymous_12)
FN:98,(anonymous_13)
FN:104,(anonymous_14)
FN:121,(anonymous_15)
FN:123,(anonymous_16)
FN:140,(anonymous_17)
FN:153,(anonymous_18)
FN:155,(anonymous_19)
FN:173,(anonymous_20)
FNF:14
FNH:6
FNDA:26,(anonymous_7)
FNDA:3,(anonymous_8)
FNDA:2,(anonymous_9)
FNDA:6,(anonymous_10)
FNDA:0,(anonymous_11)
FNDA:0,(anonymous_12)
FNDA:0,(anonymous_13)
FNDA:1,(anonymous_14)
FNDA:0,(anonymous_15)
FNDA:0,(anonymous_16)
FNDA:0,(anonymous_17)
FNDA:0,(anonymous_18)
FNDA:0,(anonymous_19)
FNDA:1,(anonymous_20)
DA:1,6
DA:2,6
DA:3,6
DA:4,6
DA:5,6
DA:6,6
DA:7,6
DA:8,6
DA:9,6
DA:11,6
DA:12,26
DA:13,26
DA:16,3
DA:17,3
DA:20,3
DA:23,3
DA:24,0
DA:26,3
DA:27,1
DA:29,3
DA:30,0
DA:32,3
DA:33,0
DA:35,3
DA:36,0
DA:38,3
DA:39,0
DA:42,3
DA:46,3
DA:47,3
DA:53,3
DA:54,3
DA:58,2
DA:59,2
DA:63,6
DA:64,6
DA:66,6
DA:67,1
DA:69,5
DA:70,5
DA:71,1
DA:74,5
DA:75,0
DA:76,0
DA:78,0
DA:79,0
DA:80,0
DA:85,5
DA:86,5
DA:87,5
DA:88,5
DA:89,5
DA:90,0
DA:92,5
DA:94,1
DA:99,0
DA:100,0
DA:101,0
DA:105,1
DA:106,1
DA:107,1
DA:108,0
DA:110,1
DA:111,1
DA:112,0
DA:114,1
DA:115,1
DA:116,0
DA:118,1
DA:119,0
DA:120,0
DA:122,0
DA:123,0
DA:124,0
DA:129,1
DA:130,1
DA:131,1
DA:132,0
DA:134,1
DA:136,0
DA:141,0
DA:142,0
DA:143,0
DA:144,0
DA:146,0
DA:147,0
DA:148,0
DA:150,0
DA:151,0
DA:152,0
DA:154,0
DA:155,0
DA:156,0
DA:162,0
DA:163,0
DA:164,0
DA:165,0
DA:167,0
DA:169,0
DA:174,1
DA:175,1
DA:176,0
DA:178,1
DA:179,1
DA:180,1
DA:181,0
DA:183,1
LF:107
LH:62
BRDA:23,0,0,0
BRDA:23,0,1,3
BRDA:26,1,0,1
BRDA:26,1,1,2
BRDA:29,2,0,0
BRDA:29,2,1,3
BRDA:32,3,0,0
BRDA:32,3,1,3
BRDA:35,4,0,0
BRDA:35,4,1,3
BRDA:38,5,0,0
BRDA:38,5,1,3
BRDA:42,6,0,3
BRDA:42,6,1,0
BRDA:42,7,0,0
BRDA:42,7,1,0
BRDA:43,8,0,3
BRDA:43,8,1,3
BRDA:49,9,0,3
BRDA:49,9,1,3
BRDA:50,10,0,3
BRDA:50,10,1,3
BRDA:51,11,0,3
BRDA:51,11,1,3
BRDA:62,12,0,5
BRDA:62,13,0,5
BRDA:66,14,0,1
BRDA:66,14,1,5
BRDA:70,15,0,1
BRDA:70,15,1,4
BRDA:74,16,0,0
BRDA:74,16,1,5
BRDA:74,17,0,5
BRDA:74,17,1,0
BRDA:89,18,0,0
BRDA:89,18,1,5
BRDA:104,19,0,1
BRDA:107,20,0,0
BRDA:107,20,1,1
BRDA:111,21,0,0
BRDA:111,21,1,1
BRDA:115,22,0,0
BRDA:115,22,1,1
BRDA:118,23,0,0
BRDA:118,23,1,1
BRDA:118,24,0,1
BRDA:118,24,1,0
BRDA:131,25,0,0
BRDA:131,25,1,1
BRDA:140,26,0,0
BRDA:143,27,0,0
BRDA:143,27,1,0
BRDA:147,28,0,0
BRDA:147,28,1,0
BRDA:150,29,0,0
BRDA:150,29,1,0
BRDA:150,30,0,0
BRDA:150,30,1,0
BRDA:164,31,0,0
BRDA:164,31,1,0
BRDA:175,32,0,0
BRDA:175,32,1,1
BRDA:180,33,0,0
BRDA:180,33,1,1
BRF:64
BRH:34
end_of_record
TN:
SF:src/modules/access/http/validators/PermissionValidator.ts
FN:3,(anonymous_0)
FNF:1
FNH:1
FNDA:20,(anonymous_0)
DA:1,5
DA:3,5
DA:4,20
DA:10,20
LF:4
LH:4
BRF:0
BRH:0
end_of_record
TN:
SF:src/modules/access/http/validators/RoleValidator.ts
FN:3,(anonymous_0)
FNF:1
FNH:1
FNDA:20,(anonymous_0)
DA:1,5
DA:3,5
DA:4,20
DA:9,20
LF:4
LH:4
BRF:0
BRH:0
end_of_record
TN:
SF:src/modules/access/http/validators/UserCreateValidator.ts
FN:36,(anonymous_1)
FN:50,(anonymous_2)
FN:62,(anonymous_3)
FN:65,(anonymous_4)
FN:92,(anonymous_5)
FNF:5
FNH:2
FNDA:3,(anonymous_1)
FNDA:1,(anonymous_2)
FNDA:0,(anonymous_3)
FNDA:0,(anonymous_4)
FNDA:0,(anonymous_5)
DA:2,5
DA:3,5
DA:4,5
DA:5,5
DA:7,5
DA:16,5
DA:36,5
DA:37,3
DA:38,3
DA:39,3
DA:40,0
DA:42,3
DA:44,3
DA:45,3
DA:48,3
DA:49,3
DA:50,1
DA:54,1
DA:57,2
DA:60,3
DA:61,0
DA:62,0
DA:63,0
DA:64,0
DA:65,0
DA:69,0
DA:75,3
DA:76,0
DA:77,0
DA:80,3
DA:81,1
DA:82,1
DA:83,1
DA:87,2
DA:90,5
DA:93,0
DA:94,0
DA:96,0
DA:101,5
LF:39
LH:27
BRDA:39,0,0,0
BRDA:39,0,1,3
BRDA:39,1,0,3
BRDA:39,1,1,0
BRDA:44,2,0,3
BRDA:44,2,1,0
BRDA:49,3,0,1
BRDA:49,3,1,2
BRDA:60,4,0,0
BRDA:60,4,1,3
BRDA:61,5,0,0
BRDA:61,5,1,0
BRDA:64,6,0,0
BRDA:64,6,1,0
BRDA:75,7,0,0
BRDA:75,7,1,3
BRDA:76,8,0,0
BRDA:76,8,1,0
BRDA:80,9,0,1
BRDA:80,9,1,2
BRDA:93,10,0,0
BRDA:93,10,1,0
BRF:22
BRH:9
end_of_record
TN:
SF:src/modules/access/http/validators/UserUpdateValidator.ts
FN:36,(anonymous_1)
FN:52,(anonymous_2)
FN:62,(anonymous_3)
FN:65,(anonymous_4)
FN:93,(anonymous_5)
FNF:5
FNH:0
FNDA:0,(anonymous_1)
FNDA:0,(anonymous_2)
FNDA:0,(anonymous_3)
FNDA:0,(anonymous_4)
FNDA:0,(anonymous_5)
DA:2,5
DA:3,5
DA:4,5
DA:5,5
DA:7,5
DA:16,5
DA:36,5
DA:37,0
DA:38,0
DA:44,0
DA:46,0
DA:47,0
DA:50,0
DA:51,0
DA:52,0
DA:56,0
DA:58,0
DA:61,0
DA:62,0
DA:63,0
DA:64,0
DA:65,0
DA:69,0
DA:74,0
DA:75,0
DA:76,0
DA:77,0
DA:78,0
DA:81,0
DA:82,0
DA:83,0
DA:84,0
DA:88,0
DA:91,5
DA:94,0
DA:95,0
DA:97,0
DA:102,5
LF:38
LH:9
BRDA:38,0,0,0
BRDA:38,0,1,0
BRDA:40,1,0,0
BRDA:40,1,1,0
BRDA:40,2,0,0
BRDA:40,2,1,0
BRDA:46,3,0,0
BRDA:46,3,1,0
BRDA:46,4,0,0
BRDA:46,4,1,0
BRDA:51,5,0,0
BRDA:51,5,1,0
BRDA:61,6,0,0
BRDA:61,6,1,0
BRDA:64,7,0,0
BRDA:64,7,1,0
BRDA:74,8,0,0
BRDA:74,8,1,0
BRDA:75,9,0,0
BRDA:75,9,1,0
BRDA:81,10,0,0
BRDA:81,10,1,0
BRDA:94,11,0,0
BRDA:94,11,1,0
BRF:24
BRH:0
end_of_record
TN:
SF:src/modules/access/models/permission.entity.ts
FN:4,(anonymous_2)
FN:44,(anonymous_3)
FN:44,(anonymous_4)
FNF:3
FNH:3
FNDA:13,(anonymous_2)
FNDA:13,(anonymous_3)
FNDA:13,(anonymous_4)
DA:1,13
DA:2,13
DA:4,13
DA:5,13
DA:6,13
DA:10,13
DA:13,13
DA:17,13
DA:21,13
DA:26,13
DA:30,13
DA:33,13
DA:36,13
DA:39,13
DA:42,13
DA:44,13
DA:45,13
LF:17
LH:17
BRDA:4,0,0,13
BRDA:4,0,1,13
BRF:2
BRH:2
end_of_record
TN:
SF:src/modules/access/models/role.entity.ts
FN:5,(anonymous_2)
FN:41,(anonymous_3)
FN:41,(anonymous_4)
FN:44,(anonymous_5)
FN:44,(anonymous_6)
FNF:5
FNH:5
FNDA:13,(anonymous_2)
FNDA:13,(anonymous_3)
FNDA:13,(anonymous_4)
FNDA:13,(anonymous_5)
FNDA:13,(anonymous_6)
DA:1,13
DA:2,13
DA:3,13
DA:5,13
DA:6,13
DA:7,13
DA:11,13
DA:14,13
DA:18,13
DA:23,13
DA:27,13
DA:30,13
DA:33,13
DA:36,13
DA:39,13
DA:41,13
DA:42,13
DA:44,13
DA:56,13
LF:19
LH:19
BRDA:5,0,0,13
BRDA:5,0,1,13
BRF:2
BRH:2
end_of_record
TN:
SF:src/modules/access/models/user.entity.ts
FN:4,(anonymous_2)
FN:75,(anonymous_3)
FN:75,(anonymous_4)
FNF:3
FNH:3
FNDA:13,(anonymous_2)
FNDA:13,(anonymous_3)
FNDA:13,(anonymous_4)
DA:1,13
DA:2,13
DA:4,13
DA:5,13
DA:6,13
DA:10,13
DA:13,13
DA:17,13
DA:21,13
DA:25,13
DA:29,13
DA:32,13
DA:35,13
DA:38,13
DA:42,13
DA:47,13
DA:50,13
DA:54,13
DA:57,13
DA:61,13
DA:64,13
DA:67,13
DA:70,13
DA:73,13
DA:75,13
DA:87,13
LF:26
LH:26
BRDA:4,0,0,13
BRDA:4,0,1,13
BRF:2
BRH:2
end_of_record
TN:
SF:src/modules/access/routes/api.ts
FNF:0
FNH:0
DA:1,5
DA:2,5
DA:3,5
DA:4,5
DA:5,5
DA:6,5
DA:7,5
DA:8,5
DA:9,5
DA:10,5
DA:11,5
DA:13,5
DA:16,5
DA:18,5
DA:19,5
DA:20,5
DA:21,5
DA:22,5
DA:23,5
DA:24,5
DA:27,5
DA:29,5
DA:30,5
DA:31,5
DA:32,5
DA:33,5
DA:34,5
DA:35,5
DA:38,5
DA:40,5
DA:41,5
DA:42,5
DA:43,5
DA:44,5
DA:45,5
DA:46,5
DA:47,5
DA:48,5
DA:49,5
DA:50,5
DA:51,5
DA:53,5
DA:55,5
LF:43
LH:43
BRF:0
BRH:0
end_of_record
TN:
SF:src/modules/access/routes/web.ts
FNF:0
FNH:0
DA:1,5
DA:2,5
DA:3,5
DA:4,5
DA:5,5
DA:6,5
DA:7,5
DA:8,5
DA:9,5
DA:10,5
DA:11,5
DA:13,5
DA:16,5
DA:18,5
DA:19,5
DA:20,5
DA:21,5
DA:22,5
DA:23,5
DA:24,5
DA:25,5
DA:28,5
DA:30,5
DA:31,5
DA:32,5
DA:33,5
DA:34,5
DA:35,5
DA:36,5
DA:37,5
DA:40,5
DA:42,5
DA:43,5
DA:44,5
DA:45,5
DA:46,5
DA:47,5
DA:48,5
DA:49,5
DA:50,5
DA:51,5
DA:52,5
DA:53,5
DA:54,5
DA:56,5
DA:58,5
LF:46
LH:46
BRF:0
BRH:0
end_of_record
TN:
SF:src/modules/auth/Module.ts
FNF:0
FNH:0
DA:1,5
DA:2,5
LF:2
LH:2
BRF:0
BRH:0
end_of_record
TN:
SF:src/modules/auth/http/controllers/api/v1/AuthController.ts
FN:14,(anonymous_1)
FN:17,(anonymous_2)
FN:41,(anonymous_3)
FN:58,(anonymous_4)
FN:73,(anonymous_5)
FN:87,(anonymous_6)
FN:91,(anonymous_7)
FN:104,(anonymous_8)
FNF:8
FNH:2
FNDA:5,(anonymous_1)
FNDA:9,(anonymous_2)
FNDA:0,(anonymous_3)
FNDA:0,(anonymous_4)
FNDA:0,(anonymous_5)
FNDA:0,(anonymous_6)
FNDA:0,(anonymous_7)
FNDA:0,(anonymous_8)
DA:2,5
DA:3,5
DA:4,5
DA:5,5
DA:7,5
DA:8,5
DA:9,5
DA:10,5
DA:11,5
DA:12,5
DA:14,5
DA:15,5
DA:18,9
DA:19,9
DA:20,9
DA:21,7
DA:24,2
DA:25,2
DA:26,1
DA:29,1
DA:34,1
DA:42,0
DA:43,0
DA:44,0
DA:45,0
DA:48,0
DA:49,0
DA:50,0
DA:51,0
DA:52,0
DA:54,0
DA:55,0
DA:59,0
DA:60,0
DA:61,0
DA:64,0
DA:65,0
DA:66,0
DA:67,0
DA:69,0
DA:70,0
DA:74,0
DA:75,0
DA:76,0
DA:77,0
DA:78,0
DA:80,0
DA:81,0
DA:85,0
DA:87,0
DA:88,0
DA:92,0
DA:93,0
DA:96,0
DA:97,0
DA:99,0
DA:100,0
DA:105,0
DA:106,0
DA:107,0
DA:108,0
DA:109,0
DA:110,0
DA:111,0
DA:113,0
DA:118,0
DA:119,0
DA:121,0
DA:122,0
LF:69
LH:21
BRDA:20,0,0,7
BRDA:20,0,1,2
BRDA:25,1,0,1
BRDA:25,1,1,1
BRDA:44,2,0,0
BRDA:44,2,1,0
BRDA:60,3,0,0
BRDA:60,3,1,0
BRDA:67,4,0,0
BRDA:67,4,1,0
BRDA:77,5,0,0
BRDA:77,5,1,0
BRDA:92,6,0,0
BRDA:92,6,1,0
BRDA:108,7,0,0
BRDA:108,7,1,0
BRDA:109,8,0,0
BRDA:109,8,1,0
BRDA:109,8,2,0
BRDA:110,9,0,0
BRDA:110,9,1,0
BRDA:110,10,0,0
BRDA:110,10,1,0
BRF:23
BRH:4
end_of_record
TN:
SF:src/modules/auth/http/controllers/web/v1/AuthController.ts
FN:15,(anonymous_1)
FN:19,(anonymous_2)
FN:28,(anonymous_3)
FN:34,(anonymous_4)
FN:56,(anonymous_5)
FN:57,(anonymous_6)
FN:62,(anonymous_7)
FN:68,(anonymous_8)
FN:82,(anonymous_9)
FN:86,(anonymous_10)
FN:100,(anonymous_11)
FN:106,(anonymous_12)
FNF:12
FNH:4
FNDA:5,(anonymous_1)
FNDA:15,(anonymous_2)
FNDA:1,(anonymous_3)
FNDA:1,(anonymous_4)
FNDA:0,(anonymous_5)
FNDA:0,(anonymous_6)
FNDA:0,(anonymous_7)
FNDA:0,(anonymous_8)
FNDA:0,(anonymous_9)
FNDA:0,(anonymous_10)
FNDA:0,(anonymous_11)
FNDA:0,(anonymous_12)
DA:1,5
DA:2,5
DA:4,5
DA:5,5
DA:6,5
DA:7,5
DA:8,5
DA:9,5
DA:10,5
DA:11,5
DA:12,5
DA:13,5
DA:15,5
DA:16,5
DA:17,5
DA:20,15
DA:21,0
DA:23,15
DA:29,1
DA:35,1
DA:36,1
DA:37,1
DA:38,0
DA:39,0
DA:43,1
DA:44,1
DA:45,1
DA:46,0
DA:48,1
DA:49,1
DA:51,0
DA:52,0
DA:57,0
DA:58,0
DA:63,0
DA:69,0
DA:70,0
DA:71,0
DA:72,0
DA:73,0
DA:75,0
DA:76,0
DA:80,0
DA:82,0
DA:83,0
DA:87,0
DA:88,0
DA:91,0
DA:92,0
DA:93,0
DA:95,0
DA:96,0
DA:101,0
DA:107,0
DA:108,0
DA:109,0
DA:110,0
DA:111,0
DA:112,0
DA:113,0
DA:115,0
DA:120,0
DA:121,0
DA:122,0
DA:125,0
DA:126,0
DA:127,0
LF:67
LH:26
BRDA:20,0,0,0
BRDA:20,0,1,15
BRDA:37,1,0,0
BRDA:37,1,1,1
BRDA:45,2,0,0
BRDA:45,2,1,1
BRDA:72,3,0,0
BRDA:72,3,1,0
BRDA:87,4,0,0
BRDA:87,4,1,0
BRDA:110,5,0,0
BRDA:110,5,1,0
BRDA:111,6,0,0
BRDA:111,6,1,0
BRDA:111,6,2,0
BRDA:112,7,0,0
BRDA:112,7,1,0
BRDA:112,8,0,0
BRDA:112,8,1,0
BRF:19
BRH:3
end_of_record
TN:
SF:src/modules/auth/http/middleware/authMiddleware.ts
FN:7,(anonymous_1)
FN:14,(anonymous_2)
FN:21,(anonymous_3)
FNF:3
FNH:3
FNDA:16,(anonymous_1)
FNDA:3,(anonymous_2)
FNDA:2,(anonymous_3)
DA:2,5
DA:3,5
DA:4,5
DA:5,5
DA:7,5
DA:8,16
DA:9,14
DA:11,2
DA:14,5
DA:15,3
DA:16,3
DA:17,1
DA:19,2
DA:20,2
DA:21,2
DA:22,2
DA:23,2
DA:25,0
DA:26,0
LF:19
LH:17
BRDA:8,0,0,14
BRDA:8,0,1,2
BRDA:16,1,0,1
BRDA:16,1,1,2
BRDA:20,2,0,0
BRDA:20,2,1,2
BRDA:22,3,0,2
BRDA:22,3,1,0
BRF:8
BRH:6
end_of_record
TN:
SF:src/modules/auth/http/validators/ResetPasswordProcessValidator.ts
FN:14,(anonymous_1)
FN:19,(anonymous_2)
FNF:2
FNH:0
FNDA:0,(anonymous_1)
FNDA:0,(anonymous_2)
DA:2,5
DA:3,5
DA:5,5
DA:14,5
DA:15,0
DA:17,0
DA:18,0
DA:19,0
DA:23,0
DA:26,0
DA:27,0
DA:28,0
DA:31,0
DA:32,0
DA:33,0
DA:34,0
DA:38,0
DA:41,5
LF:18
LH:5
BRDA:18,0,0,0
BRDA:18,0,1,0
BRDA:26,1,0,0
BRDA:26,1,1,0
BRDA:27,2,0,0
BRDA:27,2,1,0
BRDA:31,3,0,0
BRDA:31,3,1,0
BRF:8
BRH:0
end_of_record
TN:
SF:src/modules/auth/routes/api.ts
FNF:0
FNH:0
DA:1,5
DA:2,5
DA:3,5
DA:4,5
DA:5,5
DA:6,5
DA:7,5
DA:9,5
DA:11,5
DA:12,5
DA:13,5
DA:14,5
DA:15,5
DA:16,5
DA:18,5
LF:15
LH:15
BRF:0
BRH:0
end_of_record
TN:
SF:src/modules/auth/routes/web.ts
FNF:0
FNH:0
DA:1,5
DA:2,5
DA:3,5
DA:4,5
DA:5,5
DA:6,5
DA:7,5
DA:9,5
DA:11,5
DA:12,5
DA:13,5
DA:14,5
DA:19,5
DA:20,5
DA:21,5
DA:23,5
DA:24,5
DA:26,5
DA:27,5
DA:29,5
DA:31,5
LF:21
LH:21
BRF:0
BRH:0
end_of_record
TN:
SF:src/modules/dashboard/Module.ts
FNF:0
FNH:0
DA:1,5
DA:2,5
LF:2
LH:2
BRF:0
BRH:0
end_of_record
TN:
SF:src/modules/dashboard/http/controllers/web/v1/DashboardController.ts
FN:7,(anonymous_1)
FNF:1
FNH:1
FNDA:1,(anonymous_1)
DA:2,5
DA:3,5
DA:4,5
DA:6,5
DA:8,1
LF:5
LH:5
BRF:0
BRH:0
end_of_record
TN:
SF:src/modules/dashboard/routes/web.ts
FNF:0
FNH:0
DA:1,5
DA:2,5
DA:3,5
DA:4,5
DA:5,5
DA:7,5
DA:10,5
DA:11,5
DA:12,5
DA:14,5
DA:16,5
LF:11
LH:11
BRF:0
BRH:0
end_of_record
TN:
SF:src/modules/profile/Module.ts
FNF:0
FNH:0
DA:1,5
DA:2,5
DA:3,5
LF:3
LH:3
BRF:0
BRH:0
end_of_record
TN:
SF:src/modules/profile/http/controllers/api/v1/ProfileController.ts
FN:6,(anonymous_1)
FN:9,(anonymous_2)
FN:16,(anonymous_3)
FNF:3
FNH:1
FNDA:5,(anonymous_1)
FNDA:0,(anonymous_2)
FNDA:0,(anonymous_3)
DA:2,5
DA:3,5
DA:6,5
DA:7,5
DA:10,0
DA:11,0
DA:12,0
DA:13,0
DA:17,0
DA:18,0
DA:19,0
DA:20,0
DA:21,0
DA:23,0
DA:25,0
LF:15
LH:4
BRDA:20,0,0,0
BRDA:20,0,1,0
BRF:2
BRH:0
end_of_record
TN:
SF:src/modules/profile/http/controllers/web/v1/ProfileController.ts
FN:9,(anonymous_1)
FN:12,(anonymous_2)
FN:25,(anonymous_3)
FNF:3
FNH:1
FNDA:5,(anonymous_1)
FNDA:0,(anonymous_2)
FNDA:0,(anonymous_3)
DA:2,5
DA:3,5
DA:4,5
DA:5,5
DA:7,5
DA:9,5
DA:10,5
DA:13,0
DA:14,0
DA:15,0
DA:16,0
DA:17,0
DA:26,0
DA:27,0
DA:28,0
DA:29,0
DA:30,0
DA:31,0
DA:33,0
DA:34,0
DA:36,0
DA:37,0
LF:22
LH:7
BRDA:27,0,0,0
BRDA:27,0,1,0
BRDA:30,1,0,0
BRDA:30,1,1,0
BRF:4
BRH:0
end_of_record
TN:
SF:src/modules/profile/http/validators/ProfileUpdateValidator.ts
FN:6,(anonymous_1)
FN:30,(anonymous_2)
FN:46,(anonymous_3)
FN:56,(anonymous_4)
FN:59,(anonymous_5)
FNF:5
FNH:1
FNDA:10,(anonymous_1)
FNDA:0,(anonymous_2)
FNDA:0,(anonymous_3)
FNDA:0,(anonymous_4)
FNDA:0,(anonymous_5)
DA:2,5
DA:3,5
DA:6,15
DA:8,5
DA:17,5
DA:30,5
DA:31,0
DA:32,0
DA:38,0
DA:40,0
DA:41,0
DA:44,0
DA:45,0
DA:46,0
DA:50,0
DA:52,0
DA:55,0
DA:56,0
DA:57,0
DA:58,0
DA:59,0
DA:63,0
DA:68,0
DA:69,0
DA:70,0
DA:71,0
DA:72,0
DA:75,0
DA:76,0
DA:77,0
DA:78,0
DA:82,0
LF:32
LH:6
BRDA:32,0,0,0
BRDA:32,0,1,0
BRDA:34,1,0,0
BRDA:34,1,1,0
BRDA:34,2,0,0
BRDA:34,2,1,0
BRDA:40,3,0,0
BRDA:40,3,1,0
BRDA:40,4,0,0
BRDA:40,4,1,0
BRDA:45,5,0,0
BRDA:45,5,1,0
BRDA:55,6,0,0
BRDA:55,6,1,0
BRDA:58,7,0,0
BRDA:58,7,1,0
BRDA:68,8,0,0
BRDA:68,8,1,0
BRDA:69,9,0,0
BRDA:69,9,1,0
BRDA:75,10,0,0
BRDA:75,10,1,0
BRF:22
BRH:0
end_of_record
TN:
SF:src/modules/profile/routes/api.ts
FNF:0
FNH:0
DA:1,5
DA:2,5
DA:3,5
DA:4,5
DA:5,5
DA:6,5
DA:7,5
DA:10,5
DA:12,5
DA:13,5
DA:14,5
DA:16,5
DA:18,5
LF:13
LH:13
BRF:0
BRH:0
end_of_record
TN:
SF:src/modules/profile/routes/web.ts
FNF:0
FNH:0
DA:1,5
DA:2,5
DA:3,5
DA:4,5
DA:5,5
DA:6,5
DA:7,5
DA:10,5
DA:12,5
DA:13,5
DA:14,5
DA:16,5
DA:18,5
LF:13
LH:13
BRF:0
BRH:0
end_of_record
TN:
SF:src/modules/setting/Module.ts
FNF:0
FNH:0
DA:1,6
DA:2,6
DA:3,6
LF:3
LH:3
BRF:0
BRH:0
end_of_record
TN:
SF:src/modules/setting/http/controllers/web/v1/SettingController.ts
FN:7,(anonymous_1)
FN:10,(anonymous_2)
FN:18,(anonymous_3)
FNF:3
FNH:3
FNDA:5,(anonymous_1)
FNDA:4,(anonymous_2)
FNDA:2,(anonymous_3)
DA:2,5
DA:3,5
DA:4,5
DA:5,5
DA:7,5
DA:8,5
DA:11,4
DA:12,4
DA:19,2
DA:20,2
DA:21,2
DA:22,0
DA:24,2
DA:25,2
DA:27,0
DA:28,0
DA:29,0
LF:17
LH:13
BRDA:21,0,0,0
BRDA:21,0,1,2
BRF:2
BRH:1
end_of_record
TN:
SF:src/modules/setting/http/services/v1/SettingService.ts
FN:8,generateUniqueFileName
FN:35,(anonymous_2)
FN:38,(anonymous_3)
FN:43,(anonymous_4)
FN:49,(anonymous_5)
FN:52,(anonymous_6)
FNF:6
FNH:3
FNDA:0,generateUniqueFileName
FNDA:6,(anonymous_2)
FNDA:5,(anonymous_3)
FNDA:3,(anonymous_4)
FNDA:0,(anonymous_5)
FNDA:0,(anonymous_6)
DA:1,6
DA:2,6
DA:3,6
DA:4,6
DA:5,6
DA:6,6
DA:9,0
DA:10,0
DA:11,0
DA:12,0
DA:13,0
DA:14,0
DA:15,0
DA:18,0
DA:19,0
DA:20,0
DA:21,0
DA:22,0
DA:24,0
DA:25,0
DA:28,0
DA:31,0
DA:32,0
DA:35,6
DA:36,6
DA:39,5
DA:40,5
DA:44,3
DA:45,3
DA:46,3
DA:47,3
DA:48,0
DA:50,0
DA:51,0
DA:52,0
DA:53,0
DA:54,0
DA:55,0
DA:56,0
DA:57,0
DA:58,0
DA:64,3
DA:65,3
DA:66,3
DA:67,0
DA:69,3
DA:70,3
DA:72,0
LF:48
LH:19
BRDA:18,0,0,0
BRDA:18,0,1,0
BRDA:19,1,0,0
BRDA:19,1,1,0
BRDA:20,2,0,0
BRDA:20,2,1,0
BRDA:24,3,0,0
BRDA:24,3,1,0
BRDA:25,4,0,0
BRDA:25,4,1,0
BRDA:43,5,0,3
BRDA:47,6,0,0
BRDA:47,6,1,3
BRDA:47,7,0,3
BRDA:47,7,1,0
BRDA:53,8,0,0
BRDA:53,8,1,0
BRDA:55,9,0,0
BRDA:55,9,1,0
BRDA:57,10,0,0
BRDA:57,10,1,0
BRDA:66,11,0,0
BRDA:66,11,1,3
BRF:23
BRH:4
end_of_record
TN:
SF:src/modules/setting/http/validators/SettingValidator.ts
FN:27,(anonymous_1)
FN:43,(anonymous_2)
FN:53,(anonymous_3)
FN:56,(anonymous_4)
FN:76,(anonymous_5)
FNF:5
FNH:2
FNDA:3,(anonymous_1)
FNDA:1,(anonymous_2)
FNDA:0,(anonymous_3)
FNDA:0,(anonymous_4)
FNDA:0,(anonymous_5)
DA:2,5
DA:3,5
DA:4,5
DA:5,5
DA:7,5
DA:16,5
DA:27,5
DA:28,3
DA:29,3
DA:35,3
DA:37,3
DA:38,3
DA:41,3
DA:42,3
DA:43,1
DA:47,1
DA:49,2
DA:52,3
DA:53,0
DA:54,0
DA:55,0
DA:56,0
DA:60,0
DA:65,3
DA:66,1
DA:67,1
DA:68,1
DA:71,2
DA:74,5
DA:77,0
DA:78,0
DA:80,0
DA:85,5
LF:33
LH:25
BRDA:29,0,0,0
BRDA:29,0,1,3
BRDA:31,1,0,0
BRDA:31,1,1,3
BRDA:31,2,0,3
BRDA:31,2,1,0
BRDA:37,3,0,3
BRDA:37,3,1,0
BRDA:37,4,0,3
BRDA:37,4,1,3
BRDA:42,5,0,1
BRDA:42,5,1,2
BRDA:52,6,0,0
BRDA:52,6,1,3
BRDA:55,7,0,0
BRDA:55,7,1,0
BRDA:65,8,0,1
BRDA:65,8,1,2
BRDA:77,9,0,0
BRDA:77,9,1,0
BRF:20
BRH:11
end_of_record
TN:
SF:src/modules/setting/models/setting.entity.ts
FNF:0
FNH:0
DA:1,13
DA:4,13
DA:6,13
DA:10,13
DA:14,13
DA:17,13
DA:21,13
DA:25,13
DA:29,13
DA:33,13
DA:36,13
DA:40,13
DA:44,13
DA:47,13
DA:50,13
DA:54,13
DA:57,13
DA:60,13
LF:18
LH:18
BRF:0
BRH:0
end_of_record
TN:
SF:src/modules/setting/routes/web.ts
FNF:0
FNH:0
DA:1,5
DA:2,5
DA:3,5
DA:4,5
DA:5,5
DA:6,5
DA:7,5
DA:10,5
DA:12,5
DA:13,5
DA:14,5
DA:16,5
DA:18,5
LF:13
LH:13
BRF:0
BRH:0
end_of_record
TN:
SF:src/services/fileService.ts
FN:6,(anonymous_7)
FN:44,(anonymous_8)
FN:55,(anonymous_9)
FNF:3
FNH:0
FNDA:0,(anonymous_7)
FNDA:0,(anonymous_8)
FNDA:0,(anonymous_9)
DA:1,0
DA:2,0
DA:3,0
DA:7,0
DA:8,0
DA:9,0
DA:13,0
DA:14,0
DA:15,0
DA:17,0
DA:18,0
DA:19,0
DA:22,0
DA:23,0
DA:24,0
DA:26,0
DA:27,0
DA:28,0
DA:31,0
DA:32,0
DA:33,0
DA:36,0
DA:37,0
DA:39,0
DA:40,0
DA:45,0
DA:46,0
DA:47,0
DA:48,0
DA:52,0
DA:56,0
DA:57,0
DA:58,0
DA:60,0
DA:65,0
LF:35
LH:0
BRDA:6,0,0,0
BRDA:14,1,0,0
BRDA:14,1,1,0
BRDA:18,2,0,0
BRDA:18,2,1,0
BRDA:26,3,0,0
BRDA:26,3,1,0
BRDA:32,4,0,0
BRDA:32,4,1,0
BRDA:44,5,0,0
BRDA:45,6,0,0
BRDA:45,6,1,0
BRDA:47,7,0,0
BRDA:47,7,1,0
BRF:14
BRH:0
end_of_record
TN:
SF:src/services/mailer.ts
FN:17,(anonymous_1)
FNF:1
FNH:0
FNDA:0,(anonymous_1)
DA:1,5
DA:3,5
DA:6,5
DA:17,5
DA:18,0
DA:25,0
DA:26,0
DA:27,0
DA:29,0
DA:30,0
LF:10
LH:4
BRF:0
BRH:0
end_of_record
TN:
SF:src/services/settingCache.ts
FN:15,getSetting
FN:25,invalidateSetting
FNF:2
FNH:2
FNDA:68,getSetting
FNDA:38,invalidateSetting
DA:1,13
DA:2,13
DA:11,13
DA:12,13
DA:13,13
DA:15,13
DA:16,68
DA:17,68
DA:18,26
DA:19,26
DA:20,26
DA:21,26
DA:25,13
DA:26,38
DA:27,38
LF:15
LH:15
BRDA:17,0,0,42
BRDA:17,0,1,26
BRDA:17,1,0,68
BRDA:17,1,1,42
BRDA:19,2,0,26
BRDA:19,2,1,0
BRF:6
BRH:5
end_of_record
TN:
SF:src/utils/date.ts
FN:7,convertDatesDeep
FN:8,(anonymous_2)
FNF:2
FNH:2
FNDA:52,convertDatesDeep
FNDA:2215,(anonymous_2)
DA:1,6
DA:2,6
DA:3,6
DA:4,6
DA:5,6
DA:7,6
DA:8,52
DA:9,2215
DA:10,2070
DA:11,2012
DA:12,1995
DA:13,85
DA:14,470
DA:15,85
DA:17,1910
DA:19,52
LF:16
LH:16
BRDA:9,0,0,145
BRDA:9,0,1,2070
BRDA:10,1,0,58
BRDA:10,1,1,2012
BRDA:11,2,0,17
BRDA:11,2,1,1995
BRDA:12,3,0,85
BRDA:12,3,1,1910
BRDA:13,4,0,0
BRDA:13,4,1,85
BRF:10
BRH:9
end_of_record
TN:
SF:src/utils/namedRoutes.ts
FN:11,buildUrl
FN:12,(anonymous_1)
FN:22,(anonymous_2)
FN:25,(anonymous_3)
FN:34,(anonymous_4)
FN:45,(anonymous_5)
FN:53,(anonymous_6)
FN:57,(anonymous_7)
FN:74,(anonymous_8)
FN:79,(anonymous_9)
FNF:10
FNH:10
FNDA:135,buildUrl
FNDA:4,(anonymous_1)
FNDA:5,(anonymous_2)
FNDA:135,(anonymous_3)
FNDA:355,(anonymous_4)
FNDA:350,(anonymous_5)
FNDA:60,(anonymous_6)
FNDA:350,(anonymous_7)
FNDA:14,(anonymous_8)
FNDA:14,(anonymous_9)
DA:6,6
DA:8,6
DA:9,6
DA:12,135
DA:13,4
DA:14,4
DA:15,0
DA:17,4
DA:24,5
DA:26,135
DA:27,135
DA:28,135
DA:34,5
DA:35,355
DA:36,12425
DA:37,355
DA:41,5
DA:44,5
DA:45,5
DA:46,350
DA:47,350
DA:48,350
DA:54,60
DA:55,60
DA:56,480
DA:57,480
DA:59,350
DA:60,350
DA:61,350
DA:62,350
DA:63,350
DA:64,350
DA:65,350
DA:67,0
DA:70,60
DA:75,14
DA:80,14
DA:81,14
DA:85,6
LF:39
LH:37
BRDA:11,0,0,0
BRDA:14,1,0,0
BRDA:14,1,1,4
BRDA:14,2,0,4
BRDA:14,2,1,4
BRDA:27,3,0,0
BRDA:27,3,1,135
BRDA:28,4,0,135
BRDA:28,4,1,131
BRDA:59,5,0,350
BRDA:59,5,1,0
BRDA:59,6,0,350
BRDA:59,6,1,350
BRDA:81,7,0,14
BRDA:81,7,1,0
BRF:15
BRH:10
end_of_record
TN:
SF:src/utils/timezones.ts
FN:1,getTimezones
FNF:1
FNH:1
FNDA:2,getTimezones
DA:1,5
DA:2,2
DA:5,2
DA:6,2
DA:7,2
DA:11,0
LF:6
LH:5
BRDA:6,0,0,2
BRDA:6,0,1,0
BRF:2
BRH:1
end_of_record
